{"total": {"lines":{"total":855,"covered":738,"skipped":0,"pct":86.31},"statements":{"total":879,"covered":760,"skipped":0,"pct":86.46},"functions":{"total":172,"covered":147,"skipped":0,"pct":85.46},"branches":{"total":408,"covered":318,"skipped":0,"pct":77.94},"branchesTrue":{"total":0,"covered":0,"skipped":0,"pct":100}}
,"/home/soskfish/internship_sidekick/module5/src/api/api.ts": {"lines":{"total":17,"covered":6,"skipped":0,"pct":35.29},"functions":{"total":4,"covered":0,"skipped":0,"pct":0},"statements":{"total":18,"covered":7,"skipped":0,"pct":38.88},"branches":{"total":6,"covered":0,"skipped":0,"pct":0}}
,"/home/soskfish/internship_sidekick/module5/src/api/graphql.ts": {"lines":{"total":8,"covered":2,"skipped":0,"pct":25},"functions":{"total":1,"covered":0,"skipped":0,"pct":0},"statements":{"total":8,"covered":2,"skipped":0,"pct":25},"branches":{"total":5,"covered":0,"skipped":0,"pct":0}}
,"/home/soskfish/internship_sidekick/module5/src/components/AuthLayout/AuthLayout.tsx": {"lines":{"total":7,"covered":7,"skipped":0,"pct":100},"functions":{"total":1,"covered":1,"skipped":0,"pct":100},"statements":{"total":7,"covered":7,"skipped":0,"pct":100},"branches":{"total":0,"covered":0,"skipped":0,"pct":100}}
,"/home/soskfish/internship_sidekick/module5/src/components/BurgerMenu/BurgerMenu.tsx": {"lines":{"total":20,"covered":20,"skipped":0,"pct":100},"functions":{"total":3,"covered":3,"skipped":0,"pct":100},"statements":{"total":20,"covered":20,"skipped":0,"pct":100},"branches":{"total":12,"covered":12,"skipped":0,"pct":100}}
,"/home/soskfish/internship_sidekick/module5/src/components/Button/Button.tsx": {"lines":{"total":15,"covered":15,"skipped":0,"pct":100},"functions":{"total":1,"covered":1,"skipped":0,"pct":100},"statements":{"total":15,"covered":15,"skipped":0,"pct":100},"branches":{"total":16,"covered":16,"skipped":0,"pct":100}}
,"/home/soskfish/internship_sidekick/module5/src/components/CommentItem/CommentItem.tsx": {"lines":{"total":6,"covered":6,"skipped":0,"pct":100},"functions":{"total":1,"covered":1,"skipped":0,"pct":100},"statements":{"total":7,"covered":7,"skipped":0,"pct":100},"branches":{"total":4,"covered":4,"skipped":0,"pct":100}}
,"/home/soskfish/internship_sidekick/module5/src/components/CreatePostForm/CreatePostForm.tsx": {"lines":{"total":39,"covered":36,"skipped":0,"pct":92.3},"functions":{"total":6,"covered":6,"skipped":0,"pct":100},"statements":{"total":39,"covered":36,"skipped":0,"pct":92.3},"branches":{"total":12,"covered":9,"skipped":0,"pct":75}}
,"/home/soskfish/internship_sidekick/module5/src/components/CreatePostModal/CreatePostModal.tsx": {"lines":{"total":57,"covered":52,"skipped":0,"pct":91.22},"functions":{"total":10,"covered":8,"skipped":0,"pct":80},"statements":{"total":57,"covered":52,"skipped":0,"pct":91.22},"branches":{"total":23,"covered":18,"skipped":0,"pct":78.26}}
,"/home/soskfish/internship_sidekick/module5/src/components/Footer/Footer.tsx": {"lines":{"total":4,"covered":4,"skipped":0,"pct":100},"functions":{"total":1,"covered":1,"skipped":0,"pct":100},"statements":{"total":4,"covered":4,"skipped":0,"pct":100},"branches":{"total":0,"covered":0,"skipped":0,"pct":100}}
,"/home/soskfish/internship_sidekick/module5/src/components/Header/Header.tsx": {"lines":{"total":19,"covered":19,"skipped":0,"pct":100},"functions":{"total":2,"covered":2,"skipped":0,"pct":100},"statements":{"total":19,"covered":19,"skipped":0,"pct":100},"branches":{"total":9,"covered":8,"skipped":0,"pct":88.88}}
,"/home/soskfish/internship_sidekick/module5/src/components/Input/Input.tsx": {"lines":{"total":42,"covered":41,"skipped":0,"pct":97.61},"functions":{"total":6,"covered":6,"skipped":0,"pct":100},"statements":{"total":42,"covered":41,"skipped":0,"pct":97.61},"branches":{"total":61,"covered":58,"skipped":0,"pct":95.08}}
,"/home/soskfish/internship_sidekick/module5/src/components/Post/Post.tsx": {"lines":{"total":69,"covered":64,"skipped":0,"pct":92.75},"functions":{"total":17,"covered":15,"skipped":0,"pct":88.23},"statements":{"total":73,"covered":68,"skipped":0,"pct":93.15},"branches":{"total":49,"covered":45,"skipped":0,"pct":91.83}}
,"/home/soskfish/internship_sidekick/module5/src/components/ProfileInfo/ProfileInfo.tsx": {"lines":{"total":85,"covered":60,"skipped":0,"pct":70.58},"functions":{"total":13,"covered":10,"skipped":0,"pct":76.92},"statements":{"total":85,"covered":60,"skipped":0,"pct":70.58},"branches":{"total":47,"covered":25,"skipped":0,"pct":53.19}}
,"/home/soskfish/internship_sidekick/module5/src/components/Sidebar/Sidebar.tsx": {"lines":{"total":24,"covered":23,"skipped":0,"pct":95.83},"functions":{"total":6,"covered":6,"skipped":0,"pct":100},"statements":{"total":27,"covered":26,"skipped":0,"pct":96.29},"branches":{"total":16,"covered":13,"skipped":0,"pct":81.25}}
,"/home/soskfish/internship_sidekick/module5/src/components/SidebarItem/SidebarItem.tsx": {"lines":{"total":5,"covered":5,"skipped":0,"pct":100},"functions":{"total":2,"covered":2,"skipped":0,"pct":100},"statements":{"total":5,"covered":5,"skipped":0,"pct":100},"branches":{"total":0,"covered":0,"skipped":0,"pct":100}}
,"/home/soskfish/internship_sidekick/module5/src/components/Skeletons/PostSkeleton.tsx": {"lines":{"total":7,"covered":7,"skipped":0,"pct":100},"functions":{"total":3,"covered":3,"skipped":0,"pct":100},"statements":{"total":10,"covered":10,"skipped":0,"pct":100},"branches":{"total":0,"covered":0,"skipped":0,"pct":100}}
,"/home/soskfish/internship_sidekick/module5/src/components/Skeletons/SidebarItemSkeleton.tsx": {"lines":{"total":6,"covered":6,"skipped":0,"pct":100},"functions":{"total":2,"covered":2,"skipped":0,"pct":100},"statements":{"total":6,"covered":6,"skipped":0,"pct":100},"branches":{"total":1,"covered":0,"skipped":0,"pct":0}}
,"/home/soskfish/internship_sidekick/module5/src/components/TabSwitch/TabSwitch.tsx": {"lines":{"total":13,"covered":13,"skipped":0,"pct":100},"functions":{"total":4,"covered":4,"skipped":0,"pct":100},"statements":{"total":13,"covered":13,"skipped":0,"pct":100},"branches":{"total":4,"covered":4,"skipped":0,"pct":100}}
,"/home/soskfish/internship_sidekick/module5/src/components/Toast/Toast.tsx": {"lines":{"total":13,"covered":12,"skipped":0,"pct":92.3},"functions":{"total":3,"covered":3,"skipped":0,"pct":100},"statements":{"total":13,"covered":12,"skipped":0,"pct":92.3},"branches":{"total":4,"covered":3,"skipped":0,"pct":75}}
,"/home/soskfish/internship_sidekick/module5/src/components/Toast/ToastContainer.tsx": {"lines":{"total":10,"covered":10,"skipped":0,"pct":100},"functions":{"total":2,"covered":2,"skipped":0,"pct":100},"statements":{"total":10,"covered":10,"skipped":0,"pct":100},"branches":{"total":4,"covered":4,"skipped":0,"pct":100}}
,"/home/soskfish/internship_sidekick/module5/src/context/AuthContext/AuthContext.tsx": {"lines":{"total":3,"covered":3,"skipped":0,"pct":100},"functions":{"total":0,"covered":0,"skipped":0,"pct":100},"statements":{"total":3,"covered":3,"skipped":0,"pct":100},"branches":{"total":0,"covered":0,"skipped":0,"pct":100}}
,"/home/soskfish/internship_sidekick/module5/src/context/ThemeContext/ThemeContext.tsx": {"lines":{"total":3,"covered":3,"skipped":0,"pct":100},"functions":{"total":0,"covered":0,"skipped":0,"pct":100},"statements":{"total":3,"covered":3,"skipped":0,"pct":100},"branches":{"total":0,"covered":0,"skipped":0,"pct":100}}
,"/home/soskfish/internship_sidekick/module5/src/context/ToastContext/ToastContext.tsx": {"lines":{"total":3,"covered":3,"skipped":0,"pct":100},"functions":{"total":0,"covered":0,"skipped":0,"pct":100},"statements":{"total":3,"covered":3,"skipped":0,"pct":100},"branches":{"total":0,"covered":0,"skipped":0,"pct":100}}
,"/home/soskfish/internship_sidekick/module5/src/context/ToastContext/ToastProvider.tsx": {"lines":{"total":15,"covered":15,"skipped":0,"pct":100},"functions":{"total":7,"covered":7,"skipped":0,"pct":100},"statements":{"total":18,"covered":18,"skipped":0,"pct":100},"branches":{"total":0,"covered":0,"skipped":0,"pct":100}}
,"/home/soskfish/internship_sidekick/module5/src/hooks/useAuth.ts": {"lines":{"total":8,"covered":7,"skipped":0,"pct":87.5},"functions":{"total":1,"covered":1,"skipped":0,"pct":100},"statements":{"total":8,"covered":7,"skipped":0,"pct":87.5},"branches":{"total":2,"covered":1,"skipped":0,"pct":50}}
,"/home/soskfish/internship_sidekick/module5/src/hooks/useCommentsQuery.ts": {"lines":{"total":12,"covered":9,"skipped":0,"pct":75},"functions":{"total":5,"covered":4,"skipped":0,"pct":80},"statements":{"total":12,"covered":9,"skipped":0,"pct":75},"branches":{"total":0,"covered":0,"skipped":0,"pct":100}}
,"/home/soskfish/internship_sidekick/module5/src/hooks/useLikeMutation.ts": {"lines":{"total":15,"covered":9,"skipped":0,"pct":60},"functions":{"total":6,"covered":3,"skipped":0,"pct":50},"statements":{"total":16,"covered":9,"skipped":0,"pct":56.25},"branches":{"total":4,"covered":0,"skipped":0,"pct":0}}
,"/home/soskfish/internship_sidekick/module5/src/hooks/usePostsQuery.ts": {"lines":{"total":21,"covered":13,"skipped":0,"pct":61.9},"functions":{"total":5,"covered":4,"skipped":0,"pct":80},"statements":{"total":21,"covered":13,"skipped":0,"pct":61.9},"branches":{"total":4,"covered":1,"skipped":0,"pct":25}}
,"/home/soskfish/internship_sidekick/module5/src/hooks/useTheme.ts": {"lines":{"total":8,"covered":7,"skipped":0,"pct":87.5},"functions":{"total":1,"covered":1,"skipped":0,"pct":100},"statements":{"total":8,"covered":7,"skipped":0,"pct":87.5},"branches":{"total":2,"covered":1,"skipped":0,"pct":50}}
,"/home/soskfish/internship_sidekick/module5/src/hooks/useTimeAgo.ts": {"lines":{"total":10,"covered":10,"skipped":0,"pct":100},"functions":{"total":5,"covered":5,"skipped":0,"pct":100},"statements":{"total":12,"covered":12,"skipped":0,"pct":100},"branches":{"total":0,"covered":0,"skipped":0,"pct":100}}
,"/home/soskfish/internship_sidekick/module5/src/hooks/useToast.ts": {"lines":{"total":8,"covered":7,"skipped":0,"pct":87.5},"functions":{"total":1,"covered":1,"skipped":0,"pct":100},"statements":{"total":8,"covered":7,"skipped":0,"pct":87.5},"branches":{"total":2,"covered":1,"skipped":0,"pct":50}}
,"/home/soskfish/internship_sidekick/module5/src/hooks/useUserQuery.ts": {"lines":{"total":11,"covered":9,"skipped":0,"pct":81.81},"functions":{"total":3,"covered":3,"skipped":0,"pct":100},"statements":{"total":11,"covered":9,"skipped":0,"pct":81.81},"branches":{"total":4,"covered":2,"skipped":0,"pct":50}}
,"/home/soskfish/internship_sidekick/module5/src/interfaces/interfaces.ts": {"lines":{"total":24,"covered":24,"skipped":0,"pct":100},"functions":{"total":6,"covered":6,"skipped":0,"pct":100},"statements":{"total":24,"covered":24,"skipped":0,"pct":100},"branches":{"total":12,"covered":12,"skipped":0,"pct":100}}
,"/home/soskfish/internship_sidekick/module5/src/pages/ErrorPage/ErrorPage.tsx": {"lines":{"total":13,"covered":13,"skipped":0,"pct":100},"functions":{"total":2,"covered":2,"skipped":0,"pct":100},"statements":{"total":13,"covered":13,"skipped":0,"pct":100},"branches":{"total":2,"covered":2,"skipped":0,"pct":100}}
,"/home/soskfish/internship_sidekick/module5/src/pages/MainPage/MainPage.tsx": {"lines":{"total":29,"covered":27,"skipped":0,"pct":93.1},"functions":{"total":6,"covered":4,"skipped":0,"pct":66.66},"statements":{"total":32,"covered":29,"skipped":0,"pct":90.62},"branches":{"total":23,"covered":20,"skipped":0,"pct":86.95}}
,"/home/soskfish/internship_sidekick/module5/src/pages/SignInPage/SignInPage.tsx": {"lines":{"total":40,"covered":39,"skipped":0,"pct":97.5},"functions":{"total":6,"covered":6,"skipped":0,"pct":100},"statements":{"total":40,"covered":39,"skipped":0,"pct":97.5},"branches":{"total":20,"covered":17,"skipped":0,"pct":85}}
,"/home/soskfish/internship_sidekick/module5/src/pages/SignUpPage/SignUpPage.tsx": {"lines":{"total":40,"covered":39,"skipped":0,"pct":97.5},"functions":{"total":7,"covered":7,"skipped":0,"pct":100},"statements":{"total":40,"covered":39,"skipped":0,"pct":97.5},"branches":{"total":15,"covered":13,"skipped":0,"pct":86.66}}
,"/home/soskfish/internship_sidekick/module5/src/redux/AuthSlice.ts": {"lines":{"total":74,"covered":43,"skipped":0,"pct":58.1},"functions":{"total":15,"covered":11,"skipped":0,"pct":73.33},"statements":{"total":74,"covered":43,"skipped":0,"pct":58.1},"branches":{"total":20,"covered":5,"skipped":0,"pct":25}}
,"/home/soskfish/internship_sidekick/module5/src/redux/hooks.ts": {"lines":{"total":3,"covered":3,"skipped":0,"pct":100},"functions":{"total":1,"covered":1,"skipped":0,"pct":100},"statements":{"total":5,"covered":5,"skipped":0,"pct":100},"branches":{"total":0,"covered":0,"skipped":0,"pct":100}}
,"/home/soskfish/internship_sidekick/module5/src/tests/test-utils.tsx": {"lines":{"total":23,"covered":21,"skipped":0,"pct":91.3},"functions":{"total":5,"covered":3,"skipped":0,"pct":60},"statements":{"total":23,"covered":21,"skipped":0,"pct":91.3},"branches":{"total":7,"covered":7,"skipped":0,"pct":100}}
,"/home/soskfish/internship_sidekick/module5/src/utils/ProtectedRoute.tsx": {"lines":{"total":8,"covered":8,"skipped":0,"pct":100},"functions":{"total":1,"covered":1,"skipped":0,"pct":100},"statements":{"total":8,"covered":8,"skipped":0,"pct":100},"branches":{"total":2,"covered":2,"skipped":0,"pct":100}}
,"/home/soskfish/internship_sidekick/module5/src/utils/dateUtils.ts": {"lines":{"total":18,"covered":18,"skipped":0,"pct":100},"functions":{"total":1,"covered":1,"skipped":0,"pct":100},"statements":{"total":19,"covered":19,"skipped":0,"pct":100},"branches":{"total":16,"covered":15,"skipped":0,"pct":93.75}}
}
