TN:
SF:src/api/api.ts
FN:9,(anonymous_1)
FN:17,(anonymous_2)
FN:19,(anonymous_3)
FN:20,(anonymous_4)
FNF:4
FNH:0
FNDA:0,(anonymous_1)
FNDA:0,(anonymous_2)
FNDA:0,(anonymous_3)
FNDA:0,(anonymous_4)
DA:1,14
DA:2,14
DA:5,14
DA:7,14
DA:9,14
DA:10,0
DA:11,0
DA:12,0
DA:14,0
DA:17,14
DA:18,0
DA:19,0
DA:21,0
DA:22,0
DA:23,0
DA:24,0
DA:27,0
LF:17
LH:6
BRDA:11,0,0,0
BRDA:11,0,1,0
BRDA:21,1,0,0
BRDA:21,1,1,0
BRDA:23,2,0,0
BRDA:23,2,1,0
BRF:6
BRH:0
end_of_record
TN:
SF:src/api/graphql.ts
FN:3,fetchPostsGraphQL
FNF:1
FNH:0
FNDA:0,fetchPostsGraphQL
DA:1,3
DA:3,3
DA:4,0
DA:20,0
DA:28,0
DA:30,0
DA:31,0
DA:34,0
LF:8
LH:2
BRDA:30,0,0,0
BRDA:30,0,1,0
BRDA:30,1,0,0
BRDA:30,1,1,0
BRDA:30,1,2,0
BRF:5
BRH:0
end_of_record
TN:
SF:src/components/AuthLayout/AuthLayout.tsx
FN:18,(anonymous_1)
FNF:1
FNH:1
FNDA:76,(anonymous_1)
DA:2,2
DA:3,2
DA:4,2
DA:5,2
DA:18,2
DA:19,76
DA:42,2
LF:7
LH:7
BRF:0
BRH:0
end_of_record
TN:
SF:src/components/BurgerMenu/BurgerMenu.tsx
FN:9,(anonymous_1)
FN:12,(anonymous_2)
FN:20,(anonymous_3)
FNF:3
FNH:3
FNDA:131,(anonymous_1)
FNDA:6,(anonymous_2)
FNDA:1,(anonymous_3)
DA:1,6
DA:2,6
DA:3,6
DA:4,6
DA:5,6
DA:6,6
DA:7,6
DA:9,6
DA:10,131
DA:11,131
DA:12,131
DA:13,6
DA:14,6
DA:15,1
DA:17,5
DA:20,131
DA:21,1
DA:22,1
DA:24,131
DA:78,6
LF:20
LH:20
BRDA:14,0,0,1
BRDA:14,0,1,5
BRDA:27,1,0,5
BRDA:27,1,1,126
BRDA:37,2,0,131
BRDA:37,2,1,5
BRDA:39,3,0,5
BRDA:39,3,1,126
BRDA:40,4,0,113
BRDA:40,4,1,18
BRDA:40,5,0,131
BRDA:40,5,1,113
BRF:12
BRH:12
end_of_record
TN:
SF:src/components/Button/Button.tsx
FN:14,(anonymous_0)
FNF:1
FNH:1
FNDA:530,(anonymous_0)
DA:1,13
DA:3,13
DA:4,13
DA:15,530
DA:17,530
DA:19,530
DA:21,189
DA:22,189
DA:24,44
DA:25,44
DA:27,297
DA:29,530
DA:30,530
DA:32,530
DA:45,13
LF:15
LH:15
BRDA:15,0,0,57
BRDA:19,1,0,189
BRDA:19,1,1,44
BRDA:19,1,2,297
BRDA:29,2,0,44
BRDA:29,2,1,486
BRDA:30,3,0,530
BRDA:30,3,1,300
BRDA:30,4,0,44
BRDA:30,4,1,256
BRDA:34,5,0,530
BRDA:34,5,1,367
BRDA:36,6,0,530
BRDA:36,6,1,191
BRDA:39,7,0,530
BRDA:39,7,1,239
BRF:16
BRH:16
end_of_record
TN:
SF:src/components/CommentItem/CommentItem.tsx
FN:9,(anonymous_0)
FNF:1
FNH:1
FNDA:11,(anonymous_0)
DA:1,3
DA:3,3
DA:9,3
DA:10,11
DA:12,11
DA:29,3
LF:6
LH:6
BRDA:14,0,0,6
BRDA:14,0,1,5
BRDA:21,1,0,5
BRDA:21,1,1,1
BRF:4
BRH:4
end_of_record
TN:
SF:src/components/CreatePostForm/CreatePostForm.tsx
FN:13,(anonymous_1)
FN:29,(anonymous_2)
FN:46,(anonymous_3)
FN:52,(anonymous_4)
FN:56,(anonymous_5)
FN:67,(anonymous_6)
FNF:6
FNH:6
FNDA:2,(anonymous_1)
FNDA:13,(anonymous_2)
FNDA:33,(anonymous_3)
FNDA:5,(anonymous_4)
FNDA:4,(anonymous_5)
FNDA:1,(anonymous_6)
DA:1,2
DA:2,2
DA:3,2
DA:4,2
DA:5,2
DA:6,2
DA:13,2
DA:14,2
DA:15,2
DA:16,2
DA:24,2
DA:29,2
DA:30,13
DA:32,5
DA:33,0
DA:34,0
DA:36,5
DA:38,4
DA:40,4
DA:42,0
DA:46,2
DA:47,33
DA:48,33
DA:49,33
DA:50,33
DA:52,33
DA:53,5
DA:56,33
DA:57,4
DA:59,4
DA:61,4
DA:62,4
DA:64,4
DA:67,33
DA:68,1
DA:69,1
DA:72,33
DA:74,33
DA:110,2
LF:39
LH:36
BRDA:13,0,0,2
BRDA:13,0,1,2
BRDA:30,1,0,5
BRDA:30,1,1,4
BRDA:30,1,2,4
BRDA:30,1,3,0
BRDA:32,2,0,0
BRDA:32,2,1,5
BRDA:92,3,0,0
BRDA:92,3,1,33
BRDA:99,4,0,33
BRDA:99,4,1,4
BRF:12
BRH:9
end_of_record
TN:
SF:src/components/CreatePostModal/CreatePostModal.tsx
FN:18,(anonymous_1)
FN:39,(anonymous_2)
FN:64,(anonymous_3)
FN:72,(anonymous_4)
FN:107,(anonymous_5)
FN:121,(anonymous_6)
FN:138,(anonymous_7)
FN:152,(anonymous_8)
FN:168,(anonymous_9)
FN:169,(anonymous_10)
FNF:10
FNH:8
FNDA:3,(anonymous_1)
FNDA:17,(anonymous_2)
FNDA:30,(anonymous_3)
FNDA:5,(anonymous_4)
FNDA:2,(anonymous_5)
FNDA:8,(anonymous_6)
FNDA:4,(anonymous_7)
FNDA:3,(anonymous_8)
FNDA:0,(anonymous_9)
FNDA:0,(anonymous_10)
DA:1,3
DA:2,3
DA:3,3
DA:4,3
DA:5,3
DA:6,3
DA:7,3
DA:8,3
DA:9,3
DA:18,3
DA:19,3
DA:20,3
DA:21,3
DA:22,3
DA:23,3
DA:24,3
DA:32,3
DA:39,3
DA:40,17
DA:42,4
DA:44,3
DA:46,0
DA:48,3
DA:50,3
DA:52,4
DA:54,0
DA:64,3
DA:65,30
DA:69,30
DA:70,30
DA:72,30
DA:73,5
DA:75,5
DA:76,2
DA:77,2
DA:80,3
DA:82,3
DA:83,3
DA:84,3
DA:85,0
DA:88,3
DA:94,3
DA:95,3
DA:96,3
DA:98,0
DA:103,3
DA:107,30
DA:108,2
DA:109,2
DA:112,30
DA:113,1
DA:116,29
DA:121,8
DA:139,4
DA:153,3
DA:170,0
DA:191,3
LF:57
LH:52
BRDA:18,0,0,3
BRDA:18,0,1,3
BRDA:40,1,0,4
BRDA:40,1,1,3
BRDA:40,1,2,0
BRDA:40,1,3,3
BRDA:40,1,4,3
BRDA:40,1,5,4
BRDA:40,1,6,0
BRDA:67,2,0,30
BRDA:67,2,1,25
BRDA:75,3,0,2
BRDA:75,3,1,3
BRDA:75,4,0,5
BRDA:75,4,1,4
BRDA:84,5,0,0
BRDA:84,5,1,3
BRDA:99,6,0,0
BRDA:99,6,1,0
BRDA:112,7,0,1
BRDA:112,7,1,29
BRDA:181,8,0,3
BRDA:181,8,1,26
BRF:23
BRH:18
end_of_record
TN:
SF:src/components/Footer/Footer.tsx
FN:3,(anonymous_0)
FNF:1
FNH:1
FNDA:99,(anonymous_0)
DA:1,4
DA:3,4
DA:4,99
DA:11,4
LF:4
LH:4
BRF:0
BRH:0
end_of_record
TN:
SF:src/components/Header/Header.tsx
FN:14,(anonymous_1)
FN:17,(anonymous_2)
FNF:2
FNH:2
FNDA:112,(anonymous_1)
FNDA:112,(anonymous_2)
DA:1,5
DA:2,5
DA:3,5
DA:4,5
DA:5,5
DA:6,5
DA:7,5
DA:8,5
DA:14,5
DA:15,112
DA:16,112
DA:17,112
DA:18,112
DA:19,87
DA:21,25
DA:22,20
DA:35,5
DA:48,112
DA:59,5
LF:19
LH:19
BRDA:14,0,0,25
BRDA:18,1,0,87
BRDA:18,1,1,25
BRDA:21,2,0,20
BRDA:21,2,1,5
BRDA:21,3,0,25
BRDA:21,3,1,20
BRDA:51,4,0,112
BRDA:51,4,1,0
BRF:9
BRH:8
end_of_record
TN:
SF:src/components/Input/Input.tsx
FN:17,(anonymous_1)
FN:39,(anonymous_2)
FN:43,(anonymous_3)
FN:51,(anonymous_4)
FN:55,(anonymous_5)
FN:68,(anonymous_6)
FNF:6
FNH:6
FNDA:340,(anonymous_1)
FNDA:33,(anonymous_2)
FNDA:2,(anonymous_3)
FNDA:3,(anonymous_4)
FNDA:250,(anonymous_5)
FNDA:304,(anonymous_6)
DA:1,7
DA:2,7
DA:8,7
DA:9,7
DA:10,7
DA:11,7
DA:12,7
DA:13,7
DA:14,7
DA:15,7
DA:17,7
DA:35,340
DA:36,340
DA:37,340
DA:39,340
DA:40,33
DA:43,340
DA:44,2
DA:45,2
DA:46,2
DA:47,2
DA:51,340
DA:52,3
DA:55,340
DA:56,250
DA:57,85
DA:58,2
DA:60,83
DA:62,165
DA:63,0
DA:65,165
DA:68,340
DA:69,304
DA:70,115
DA:72,189
DA:73,10
DA:75,179
DA:78,340
DA:80,340
DA:81,36
DA:134,304
DA:218,7
LF:42
LH:41
BRDA:24,0,0,109
BRDA:29,1,0,27
BRDA:30,2,0,311
BRDA:31,3,0,255
BRDA:45,4,0,2
BRDA:45,4,1,0
BRDA:45,5,0,2
BRDA:45,5,1,2
BRDA:56,6,0,85
BRDA:56,6,1,165
BRDA:56,7,0,250
BRDA:56,7,1,86
BRDA:57,8,0,2
BRDA:57,8,1,83
BRDA:62,9,0,0
BRDA:62,9,1,165
BRDA:62,10,0,165
BRDA:62,10,1,165
BRDA:69,11,0,115
BRDA:69,11,1,189
BRDA:72,12,0,10
BRDA:72,12,1,179
BRDA:78,13,0,340
BRDA:78,13,1,54
BRDA:78,13,2,24
BRDA:80,14,0,36
BRDA:80,14,1,304
BRDA:83,15,0,36
BRDA:83,15,1,7
BRDA:85,16,0,7
BRDA:85,16,1,0
BRDA:92,17,0,4
BRDA:92,17,1,32
BRDA:108,18,0,36
BRDA:108,18,1,34
BRDA:108,18,2,2
BRDA:111,19,0,29
BRDA:111,19,1,7
BRDA:119,20,0,36
BRDA:119,20,1,1
BRDA:119,20,2,1
BRDA:141,21,0,304
BRDA:141,21,1,115
BRDA:147,22,0,54
BRDA:147,22,1,250
BRDA:173,23,0,304
BRDA:173,23,1,86
BRDA:173,23,2,85
BRDA:179,24,0,2
BRDA:179,24,1,83
BRDA:185,25,0,304
BRDA:185,25,1,115
BRDA:185,25,2,21
BRDA:194,26,0,304
BRDA:194,26,1,10
BRDA:194,26,2,10
BRDA:206,27,0,304
BRDA:206,27,1,54
BRDA:206,27,2,24
BRDA:207,28,0,1
BRDA:207,28,1,23
BRF:61
BRH:58
end_of_record
TN:
SF:src/components/Post/Post.tsx
FN:30,(anonymous_1)
FN:54,(anonymous_2)
FN:65,(anonymous_3)
FN:66,(anonymous_4)
FN:91,(anonymous_5)
FN:102,(anonymous_6)
FN:119,(anonymous_7)
FN:134,(anonymous_8)
FN:136,(anonymous_9)
FN:144,(anonymous_10)
FN:148,(anonymous_11)
FN:153,(anonymous_12)
FN:157,(anonymous_13)
FN:167,(anonymous_14)
FN:171,(anonymous_15)
FN:249,(anonymous_16)
FN:263,(anonymous_17)
FNF:17
FNH:15
FNDA:36,(anonymous_1)
FNDA:36,(anonymous_2)
FNDA:390,(anonymous_3)
FNDA:104,(anonymous_4)
FNDA:2,(anonymous_5)
FNDA:4,(anonymous_6)
FNDA:36,(anonymous_7)
FNDA:3,(anonymous_8)
FNDA:4,(anonymous_9)
FNDA:1,(anonymous_10)
FNDA:1,(anonymous_11)
FNDA:6,(anonymous_12)
FNDA:1,(anonymous_13)
FNDA:0,(anonymous_14)
FNDA:1,(anonymous_15)
FNDA:0,(anonymous_16)
FNDA:2,(anonymous_17)
DA:1,2
DA:2,2
DA:15,2
DA:16,2
DA:17,2
DA:18,2
DA:19,2
DA:20,2
DA:21,2
DA:22,2
DA:23,2
DA:24,2
DA:25,2
DA:26,2
DA:27,2
DA:28,2
DA:30,36
DA:46,2
DA:54,36
DA:64,2
DA:65,390
DA:66,104
DA:91,2
DA:92,2
DA:93,2
DA:94,2
DA:102,2
DA:103,4
DA:105,2
DA:107,1
DA:109,1
DA:111,0
DA:119,2
DA:120,36
DA:121,36
DA:123,36
DA:124,36
DA:125,36
DA:127,36
DA:129,36
DA:131,36
DA:132,36
DA:134,36
DA:136,36
DA:137,4
DA:138,2
DA:139,2
DA:142,2
DA:143,1
DA:144,1
DA:147,1
DA:148,1
DA:153,36
DA:154,6
DA:157,36
DA:158,1
DA:159,1
DA:160,0
DA:163,1
DA:164,1
DA:168,0
DA:169,0
DA:172,1
DA:173,1
DA:179,36
DA:250,0
DA:264,2
DA:293,2
DA:294,2
LF:69
LH:64
BRDA:72,0,0,3
BRDA:72,0,1,101
BRDA:91,1,0,2
BRDA:91,1,1,2
BRDA:103,2,0,2
BRDA:103,2,1,1
BRDA:103,2,2,1
BRDA:103,2,3,0
BRDA:105,3,0,2
BRDA:105,3,1,0
BRDA:129,4,0,36
BRDA:134,5,0,36
BRDA:134,5,1,0
BRDA:137,6,0,2
BRDA:137,6,1,2
BRDA:142,7,0,1
BRDA:142,7,1,1
BRDA:159,8,0,0
BRDA:159,8,1,1
BRDA:182,9,0,24
BRDA:182,9,1,12
BRDA:186,10,0,12
BRDA:186,10,1,12
BRDA:192,11,0,36
BRDA:192,11,1,36
BRDA:201,12,0,36
BRDA:201,12,1,1
BRDA:211,13,0,1
BRDA:211,13,1,35
BRDA:219,14,0,36
BRDA:219,14,1,36
BRDA:222,15,0,3
BRDA:222,15,1,33
BRDA:232,16,0,32
BRDA:232,16,1,4
BRDA:235,17,0,36
BRDA:235,17,1,32
BRDA:237,18,0,14
BRDA:237,18,1,18
BRDA:242,19,0,36
BRDA:242,19,1,14
BRDA:244,20,0,24
BRDA:244,20,1,12
BRDA:248,21,0,12
BRDA:248,21,1,12
BRDA:277,22,0,12
BRDA:277,22,1,11
BRDA:281,23,0,1
BRDA:281,23,1,11
BRF:49
BRH:45
end_of_record
TN:
SF:src/components/ProfileInfo/ProfileInfo.tsx
FN:37,(anonymous_1)
FN:51,(anonymous_2)
FN:56,(anonymous_3)
FN:60,(anonymous_4)
FN:95,(anonymous_5)
FN:112,(anonymous_6)
FN:122,(anonymous_7)
FN:126,(anonymous_8)
FN:135,(anonymous_9)
FN:146,(anonymous_10)
FN:207,(anonymous_11)
FN:225,(anonymous_12)
FN:244,(anonymous_13)
FNF:13
FNH:10
FNDA:1,(anonymous_1)
FNDA:3,(anonymous_2)
FNDA:3,(anonymous_3)
FNDA:6,(anonymous_4)
FNDA:21,(anonymous_5)
FNDA:63,(anonymous_6)
FNDA:0,(anonymous_7)
FNDA:0,(anonymous_8)
FNDA:3,(anonymous_9)
FNDA:3,(anonymous_10)
FNDA:1,(anonymous_11)
FNDA:2,(anonymous_12)
FNDA:0,(anonymous_13)
DA:1,1
DA:2,1
DA:3,1
DA:4,1
DA:5,1
DA:6,1
DA:7,1
DA:8,1
DA:15,1
DA:16,1
DA:17,1
DA:18,1
DA:19,1
DA:20,1
DA:22,1
DA:37,1
DA:38,1
DA:39,1
DA:40,1
DA:41,1
DA:42,1
DA:51,1
DA:52,3
DA:56,3
DA:60,1
DA:61,6
DA:63,3
DA:64,3
DA:70,0
DA:73,0
DA:74,0
DA:76,0
DA:79,3
DA:80,0
DA:82,3
DA:85,0
DA:88,0
DA:91,0
DA:95,1
DA:96,21
DA:97,21
DA:98,21
DA:99,21
DA:101,21
DA:110,21
DA:112,21
DA:113,63
DA:114,3
DA:116,60
DA:117,60
DA:119,0
DA:122,21
DA:123,0
DA:124,0
DA:125,0
DA:126,0
DA:127,0
DA:128,0
DA:129,0
DA:132,0
DA:135,21
DA:136,3
DA:138,3
DA:144,3
DA:145,3
DA:146,3
DA:147,3
DA:148,3
DA:151,3
DA:152,3
DA:153,3
DA:156,0
DA:158,0
DA:159,0
DA:168,0
DA:169,0
DA:171,0
DA:172,0
DA:176,21
DA:180,21
DA:182,21
DA:208,1
DA:226,2
DA:245,0
DA:296,1
LF:85
LH:60
BRDA:37,0,0,1
BRDA:37,0,1,1
BRDA:53,1,0,3
BRDA:53,1,1,3
BRDA:53,1,2,3
BRDA:53,1,3,3
BRDA:61,2,0,3
BRDA:61,2,1,0
BRDA:61,2,2,3
BRDA:61,2,3,0
BRDA:61,2,4,0
BRDA:61,2,5,0
BRDA:63,3,0,3
BRDA:63,3,1,0
BRDA:63,4,0,3
BRDA:63,4,1,3
BRDA:73,5,0,0
BRDA:73,5,1,0
BRDA:73,6,0,0
BRDA:73,6,1,0
BRDA:79,7,0,0
BRDA:79,7,1,3
BRDA:102,8,0,21
BRDA:102,8,1,0
BRDA:103,9,0,21
BRDA:103,9,1,0
BRDA:104,10,0,21
BRDA:104,10,1,1
BRDA:104,10,2,0
BRDA:113,11,0,3
BRDA:113,11,1,60
BRDA:116,12,0,60
BRDA:116,12,1,0
BRDA:128,13,0,0
BRDA:128,13,1,0
BRDA:144,14,0,3
BRDA:144,14,1,0
BRDA:171,15,0,0
BRDA:171,15,1,0
BRDA:176,16,0,0
BRDA:176,16,1,21
BRDA:178,17,0,21
BRDA:178,17,1,0
BRDA:261,18,0,0
BRDA:261,18,1,21
BRDA:280,19,0,20
BRDA:280,19,1,1
BRF:47
BRH:25
end_of_record
TN:
SF:src/components/Sidebar/Sidebar.tsx
FN:14,(anonymous_1)
FN:22,(anonymous_2)
FN:23,(anonymous_3)
FN:47,(anonymous_4)
FN:53,(anonymous_5)
FN:67,(anonymous_6)
FNF:6
FNH:6
FNDA:34,(anonymous_1)
FNDA:20,(anonymous_2)
FNDA:20,(anonymous_3)
FNDA:4,(anonymous_4)
FNDA:2,(anonymous_5)
FNDA:2,(anonymous_6)
DA:1,2
DA:2,2
DA:3,2
DA:4,2
DA:14,2
DA:15,34
DA:22,34
DA:23,20
DA:24,20
DA:25,20
DA:26,20
DA:29,20
DA:30,0
DA:33,20
DA:38,18
DA:43,18
DA:44,1
DA:47,17
DA:53,17
DA:60,17
DA:67,2
DA:75,20
DA:78,34
DA:95,2
LF:24
LH:23
BRDA:29,0,0,0
BRDA:29,0,1,20
BRDA:43,1,0,1
BRDA:43,1,1,17
BRDA:43,2,0,18
BRDA:43,2,1,17
BRDA:50,3,0,4
BRDA:50,3,1,0
BRDA:51,4,0,4
BRDA:51,4,1,4
BRDA:57,5,0,2
BRDA:57,5,1,2
BRDA:70,6,0,2
BRDA:70,6,1,0
BRDA:80,7,0,20
BRDA:80,7,1,14
BRF:16
BRH:13
end_of_record
TN:
SF:src/components/SidebarItem/SidebarItem.tsx
FN:15,(anonymous_0)
FN:20,(anonymous_1)
FNF:2
FNH:2
FNDA:28,(anonymous_0)
FNDA:6,(anonymous_1)
DA:1,2
DA:15,2
DA:16,28
DA:21,6
DA:38,2
LF:5
LH:5
BRF:0
BRH:0
end_of_record
TN:
SF:src/components/Skeletons/PostSkeleton.tsx
FN:4,(anonymous_0)
FN:10,(anonymous_1)
FN:15,(anonymous_2)
FNF:3
FNH:3
FNDA:36,(anonymous_0)
FNDA:36,(anonymous_1)
FNDA:36,(anonymous_2)
DA:1,1
DA:2,1
DA:4,36
DA:10,36
DA:15,1
DA:16,36
DA:50,1
LF:7
LH:7
BRF:0
BRH:0
end_of_record
TN:
SF:src/components/Skeletons/SidebarItemSkeleton.tsx
FN:8,(anonymous_0)
FN:15,(anonymous_1)
FNF:2
FNH:2
FNDA:40,(anonymous_0)
FNDA:180,(anonymous_1)
DA:1,2
DA:8,2
DA:9,40
DA:11,40
DA:16,180
DA:29,2
LF:6
LH:6
BRDA:8,0,0,0
BRF:1
BRH:0
end_of_record
TN:
SF:src/components/TabSwitch/TabSwitch.tsx
FN:17,(anonymous_1)
FN:20,(anonymous_2)
FN:27,(anonymous_3)
FN:31,(anonymous_4)
FNF:4
FNH:4
FNDA:16,(anonymous_1)
FNDA:7,(anonymous_2)
FNDA:48,(anonymous_3)
FNDA:7,(anonymous_4)
DA:1,1
DA:2,1
DA:3,1
DA:4,1
DA:17,1
DA:18,16
DA:20,16
DA:21,7
DA:22,7
DA:25,16
DA:28,48
DA:31,7
DA:40,1
LF:13
LH:13
BRDA:18,0,0,16
BRDA:18,0,1,15
BRDA:30,1,0,16
BRDA:30,1,1,32
BRF:4
BRH:4
end_of_record
TN:
SF:src/components/Toast/Toast.tsx
FN:10,(anonymous_1)
FN:11,(anonymous_2)
FN:30,(anonymous_3)
FNF:3
FNH:3
FNDA:13,(anonymous_1)
FNDA:13,(anonymous_2)
FNDA:2,(anonymous_3)
DA:1,1
DA:2,1
DA:3,1
DA:10,1
DA:11,13
DA:12,13
DA:14,8
DA:16,2
DA:18,3
DA:20,0
DA:24,13
DA:30,2
DA:38,1
LF:13
LH:12
BRDA:12,0,0,8
BRDA:12,0,1,2
BRDA:12,0,2,3
BRDA:12,0,3,0
BRF:4
BRH:3
end_of_record
TN:
SF:src/components/Toast/ToastContainer.tsx
FN:11,(anonymous_1)
FN:19,(anonymous_2)
FNF:2
FNH:2
FNDA:21,(anonymous_1)
FNDA:13,(anonymous_2)
DA:1,1
DA:3,1
DA:4,1
DA:11,1
DA:12,21
DA:13,10
DA:15,11
DA:17,11
DA:20,13
DA:27,1
LF:10
LH:10
BRDA:12,0,0,10
BRDA:12,0,1,11
BRDA:15,1,0,11
BRDA:15,1,1,11
BRF:4
BRH:4
end_of_record
TN:
SF:src/context/AuthContext/AuthContext.tsx
FNF:0
FNH:0
DA:1,13
DA:4,13
DA:6,13
LF:3
LH:3
BRF:0
BRH:0
end_of_record
TN:
SF:src/context/ThemeContext/ThemeContext.tsx
FNF:0
FNH:0
DA:1,13
DA:4,13
DA:6,13
LF:3
LH:3
BRF:0
BRH:0
end_of_record
TN:
SF:src/context/ToastContext/ToastContext.tsx
FNF:0
FNH:0
DA:1,14
DA:4,14
DA:6,14
LF:3
LH:3
BRF:0
BRH:0
end_of_record
TN:
SF:src/context/ToastContext/ToastProvider.tsx
FN:10,(anonymous_1)
FN:13,(anonymous_2)
FN:14,(anonymous_3)
FN:14,(anonymous_4)
FN:18,(anonymous_5)
FN:22,(anonymous_6)
FN:24,(anonymous_7)
FNF:7
FNH:7
FNDA:21,(anonymous_1)
FNDA:3,(anonymous_2)
FNDA:3,(anonymous_3)
FNDA:4,(anonymous_4)
FNDA:10,(anonymous_5)
FNDA:10,(anonymous_6)
FNDA:1,(anonymous_7)
DA:1,1
DA:3,1
DA:4,1
DA:10,1
DA:11,21
DA:13,21
DA:14,4
DA:17,21
DA:19,10
DA:20,10
DA:22,10
DA:24,10
DA:25,1
DA:31,21
DA:39,1
LF:15
LH:15
BRF:0
BRH:0
end_of_record
TN:
SF:src/hooks/useAuth.ts
FN:4,(anonymous_1)
FNF:1
FNH:1
FNDA:429,(anonymous_1)
DA:1,10
DA:2,10
DA:4,10
DA:5,429
DA:6,429
DA:7,0
DA:9,429
DA:12,10
LF:8
LH:7
BRDA:6,0,0,0
BRDA:6,0,1,429
BRF:2
BRH:1
end_of_record
TN:
SF:src/hooks/useCommentsQuery.ts
FN:5,useCommentsQuery
FN:8,(anonymous_1)
FN:15,useAddCommentMutation
FN:19,(anonymous_3)
FN:23,(anonymous_4)
FNF:5
FNH:4
FNDA:36,useCommentsQuery
FNDA:19,(anonymous_1)
FNDA:36,useAddCommentMutation
FNDA:1,(anonymous_3)
FNDA:0,(anonymous_4)
DA:1,2
DA:3,2
DA:5,2
DA:6,36
DA:9,19
DA:10,0
DA:15,2
DA:16,36
DA:18,36
DA:20,1
DA:21,0
DA:24,0
LF:12
LH:9
BRF:0
BRH:0
end_of_record
TN:
SF:src/hooks/useLikeMutation.ts
FN:11,usePostReactionMutation
FN:15,(anonymous_1)
FN:19,(anonymous_2)
FN:21,(anonymous_3)
FN:23,(anonymous_4)
FN:31,usePostReactions
FNF:6
FNH:3
FNDA:72,usePostReactionMutation
FNDA:2,(anonymous_1)
FNDA:0,(anonymous_2)
FNDA:0,(anonymous_3)
FNDA:0,(anonymous_4)
FNDA:36,usePostReactions
DA:1,2
DA:3,2
DA:12,72
DA:14,72
DA:16,2
DA:17,0
DA:20,0
DA:21,0
DA:22,0
DA:23,0
DA:24,0
DA:31,2
DA:32,36
DA:33,36
DA:35,36
LF:15
LH:9
BRDA:22,0,0,0
BRDA:22,0,1,0
BRDA:24,1,0,0
BRDA:24,1,1,0
BRF:4
BRH:0
end_of_record
TN:
SF:src/hooks/usePostsQuery.ts
FN:7,usePostsQuery
FN:14,useCreatePostMutation
FN:18,(anonymous_2)
FN:46,(anonymous_3)
FN:52,uploadImage
FNF:5
FNH:4
FNDA:16,usePostsQuery
FNDA:30,useCreatePostMutation
FNDA:3,(anonymous_2)
FNDA:3,(anonymous_3)
FNDA:0,uploadImage
DA:1,3
DA:3,3
DA:5,3
DA:7,3
DA:8,16
DA:14,3
DA:15,30
DA:17,30
DA:27,3
DA:40,3
DA:41,0
DA:44,3
DA:47,3
DA:52,3
DA:53,0
DA:54,0
DA:56,0
DA:64,0
DA:65,0
DA:68,0
DA:69,0
LF:21
LH:13
BRDA:40,0,0,0
BRDA:40,0,1,3
BRDA:64,1,0,0
BRDA:64,1,1,0
BRF:4
BRH:1
end_of_record
TN:
SF:src/hooks/useTheme.ts
FN:4,(anonymous_1)
FNF:1
FNH:1
FNDA:133,(anonymous_1)
DA:1,6
DA:2,6
DA:4,6
DA:5,133
DA:6,133
DA:7,0
DA:9,133
DA:12,6
LF:8
LH:7
BRDA:6,0,0,0
BRDA:6,0,1,133
BRF:2
BRH:1
end_of_record
TN:
SF:src/hooks/useTimeAgo.ts
FN:4,(anonymous_1)
FN:5,(anonymous_2)
FN:7,(anonymous_3)
FN:8,(anonymous_4)
FN:12,(anonymous_5)
FNF:5
FNH:5
FNDA:44,(anonymous_1)
FNDA:26,(anonymous_2)
FNDA:26,(anonymous_3)
FNDA:1,(anonymous_4)
FNDA:26,(anonymous_5)
DA:1,3
DA:2,3
DA:4,3
DA:5,44
DA:7,44
DA:8,26
DA:9,1
DA:12,26
DA:15,44
DA:18,3
LF:10
LH:10
BRF:0
BRH:0
end_of_record
TN:
SF:src/hooks/useToast.ts
FN:4,(anonymous_1)
FNF:1
FNH:1
FNDA:184,(anonymous_1)
DA:1,8
DA:2,8
DA:4,8
DA:5,184
DA:6,184
DA:7,0
DA:9,184
DA:12,8
LF:8
LH:7
BRDA:6,0,0,0
BRDA:6,0,1,184
BRF:2
BRH:1
end_of_record
TN:
SF:src/hooks/useUserQuery.ts
FN:6,fetchUserById
FN:19,useUserQuery
FN:22,(anonymous_2)
FNF:3
FNH:3
FNDA:25,fetchUserById
FNDA:47,useUserQuery
FNDA:25,(anonymous_2)
DA:1,3
DA:4,3
DA:7,25
DA:13,24
DA:14,0
DA:16,24
DA:19,3
DA:20,47
DA:23,25
DA:24,0
DA:27,25
LF:11
LH:9
BRDA:13,0,0,0
BRDA:13,0,1,24
BRDA:23,1,0,0
BRDA:23,1,1,25
BRF:4
BRH:2
end_of_record
TN:
SF:src/interfaces/interfaces.ts
FN:76,(anonymous_0)
FN:84,(anonymous_1)
FN:90,(anonymous_2)
FN:96,(anonymous_3)
FN:101,(anonymous_4)
FN:135,(anonymous_5)
FNF:6
FNH:6
FNDA:17,(anonymous_0)
FNDA:17,(anonymous_1)
FNDA:17,(anonymous_2)
FNDA:17,(anonymous_3)
FNDA:17,(anonymous_4)
FNDA:17,(anonymous_5)
DA:76,17
DA:77,17
DA:78,17
DA:79,17
DA:80,17
DA:81,17
DA:84,17
DA:85,17
DA:86,17
DA:87,17
DA:90,17
DA:91,17
DA:92,17
DA:93,17
DA:96,17
DA:97,17
DA:98,17
DA:101,17
DA:102,17
DA:103,17
DA:104,17
DA:135,17
DA:136,17
DA:137,17
LF:24
LH:24
BRDA:76,0,0,17
BRDA:76,0,1,17
BRDA:84,1,0,17
BRDA:84,1,1,17
BRDA:90,2,0,17
BRDA:90,2,1,17
BRDA:96,3,0,17
BRDA:96,3,1,17
BRDA:101,4,0,17
BRDA:101,4,1,17
BRDA:135,5,0,17
BRDA:135,5,1,17
BRF:12
BRH:12
end_of_record
TN:
SF:src/pages/ErrorPage/ErrorPage.tsx
FN:12,(anonymous_1)
FN:13,(anonymous_2)
FNF:2
FNH:2
FNDA:7,(anonymous_1)
FNDA:7,(anonymous_2)
DA:1,1
DA:2,1
DA:3,1
DA:4,1
DA:5,1
DA:6,1
DA:12,1
DA:13,7
DA:14,7
DA:16,3
DA:25,4
DA:35,7
DA:44,1
LF:13
LH:13
BRDA:14,0,0,3
BRDA:14,0,1,4
BRF:2
BRH:2
end_of_record
TN:
SF:src/pages/MainPage/MainPage.tsx
FN:15,(anonymous_1)
FN:24,(anonymous_2)
FN:29,(anonymous_3)
FN:31,(anonymous_4)
FN:38,(anonymous_5)
FN:61,(anonymous_6)
FNF:6
FNH:4
FNDA:16,(anonymous_1)
FNDA:14,(anonymous_2)
FNDA:0,(anonymous_3)
FNDA:0,(anonymous_4)
FNDA:2,(anonymous_5)
FNDA:4,(anonymous_6)
DA:1,1
DA:2,1
DA:3,1
DA:4,1
DA:5,1
DA:6,1
DA:7,1
DA:8,1
DA:9,1
DA:10,1
DA:13,1
DA:15,1
DA:16,16
DA:17,16
DA:18,16
DA:19,16
DA:21,16
DA:22,16
DA:24,16
DA:25,14
DA:26,14
DA:28,2
DA:30,0
DA:31,0
DA:37,2
DA:38,2
DA:41,16
DA:62,4
DA:89,1
LF:29
LH:27
BRDA:17,0,0,13
BRDA:26,1,0,12
BRDA:26,1,1,2
BRDA:30,2,0,0
BRDA:30,2,1,0
BRDA:47,3,0,16
BRDA:47,3,1,14
BRDA:50,4,0,16
BRDA:50,4,1,12
BRDA:58,5,0,16
BRDA:58,5,1,1
BRDA:60,6,0,16
BRDA:60,6,1,4
BRDA:65,7,0,16
BRDA:65,7,1,4
BRDA:65,7,2,2
BRDA:65,7,3,1
BRDA:70,8,0,16
BRDA:70,8,1,4
BRDA:72,9,0,4
BRDA:72,9,1,0
BRDA:82,10,0,16
BRDA:82,10,1,14
BRF:23
BRH:20
end_of_record
TN:
SF:src/pages/SignInPage/SignInPage.tsx
FN:25,(anonymous_10)
FN:43,(anonymous_11)
FN:61,(anonymous_12)
FN:75,(anonymous_13)
FN:90,(anonymous_14)
FN:112,(anonymous_15)
FNF:6
FNH:6
FNDA:27,(anonymous_10)
FNDA:63,(anonymous_11)
FNDA:3,(anonymous_12)
FNDA:1,(anonymous_13)
FNDA:33,(anonymous_14)
FNDA:30,(anonymous_15)
DA:1,1
DA:2,1
DA:3,1
DA:4,1
DA:5,1
DA:6,1
DA:7,1
DA:8,1
DA:9,1
DA:10,1
DA:11,1
DA:12,1
DA:13,1
DA:15,1
DA:25,1
DA:26,27
DA:27,27
DA:28,27
DA:34,27
DA:43,27
DA:48,63
DA:49,44
DA:51,19
DA:52,1
DA:54,18
DA:55,18
DA:58,0
DA:61,27
DA:62,3
DA:63,3
DA:64,2
DA:65,2
DA:67,1
DA:68,1
DA:75,27
DA:76,1
DA:79,27
DA:91,33
DA:113,30
DA:145,1
LF:40
LH:39
BRDA:48,0,0,44
BRDA:48,0,1,19
BRDA:48,1,0,63
BRDA:48,1,1,63
BRDA:51,2,0,1
BRDA:51,2,1,18
BRDA:54,3,0,18
BRDA:54,3,1,0
BRDA:54,4,0,18
BRDA:54,4,1,18
BRDA:67,5,0,1
BRDA:67,5,1,0
BRDA:69,6,0,1
BRDA:69,6,1,0
BRDA:102,7,0,33
BRDA:102,7,1,31
BRDA:125,8,0,30
BRDA:125,8,1,29
BRDA:135,9,0,4
BRDA:135,9,1,23
BRF:20
BRH:17
end_of_record
TN:
SF:src/pages/SignUpPage/SignUpPage.tsx
FN:24,(anonymous_10)
FN:42,(anonymous_11)
FN:55,(anonymous_12)
FN:89,(anonymous_13)
FN:90,(anonymous_14)
FN:106,(anonymous_15)
FN:107,(anonymous_16)
FNF:7
FNH:7
FNDA:98,(anonymous_10)
FNDA:49,(anonymous_11)
FNDA:3,(anonymous_12)
FNDA:7,(anonymous_13)
FNDA:7,(anonymous_14)
FNDA:7,(anonymous_15)
FNDA:7,(anonymous_16)
DA:1,1
DA:2,1
DA:3,1
DA:4,1
DA:5,1
DA:6,1
DA:7,1
DA:8,1
DA:9,1
DA:10,1
DA:12,1
DA:13,1
DA:15,1
DA:24,1
DA:29,98
DA:30,60
DA:32,38
DA:33,4
DA:35,34
DA:36,34
DA:39,0
DA:42,1
DA:43,49
DA:44,49
DA:45,49
DA:47,49
DA:56,3
DA:57,3
DA:59,3
DA:65,1
DA:67,1
DA:68,1
DA:69,1
DA:71,2
DA:76,49
DA:89,7
DA:90,7
DA:106,7
DA:107,7
DA:143,1
LF:40
LH:39
BRDA:29,0,0,60
BRDA:29,0,1,38
BRDA:32,1,0,4
BRDA:32,1,1,34
BRDA:35,2,0,34
BRDA:35,2,1,0
BRDA:35,3,0,34
BRDA:35,3,1,34
BRDA:67,4,0,1
BRDA:67,4,1,0
BRDA:122,5,0,3
BRDA:122,5,1,46
BRDA:123,6,0,49
BRDA:123,6,1,46
BRDA:123,6,2,43
BRF:15
BRH:13
end_of_record
TN:
SF:src/redux/AuthSlice.ts
FN:13,(anonymous_0)
FN:36,(anonymous_1)
FN:51,(anonymous_2)
FN:68,(anonymous_3)
FN:82,(anonymous_4)
FN:135,(anonymous_5)
FN:143,(anonymous_6)
FN:145,(anonymous_7)
FN:150,(anonymous_8)
FN:158,(anonymous_9)
FN:161,(anonymous_10)
FN:166,(anonymous_11)
FN:171,(anonymous_12)
FN:181,(anonymous_13)
FN:188,(anonymous_14)
FNF:15
FNH:11
FNDA:28,(anonymous_0)
FNDA:0,(anonymous_1)
FNDA:0,(anonymous_2)
FNDA:0,(anonymous_3)
FNDA:0,(anonymous_4)
FNDA:3,(anonymous_5)
FNDA:14,(anonymous_6)
FNDA:2,(anonymous_7)
FNDA:2,(anonymous_8)
FNDA:1,(anonymous_9)
FNDA:2,(anonymous_10)
FNDA:1,(anonymous_11)
FNDA:3,(anonymous_12)
FNDA:3,(anonymous_13)
FNDA:3,(anonymous_14)
DA:1,28
DA:2,28
DA:13,28
DA:14,28
DA:15,28
DA:16,28
DA:18,0
DA:22,28
DA:34,28
DA:37,0
DA:38,0
DA:39,0
DA:41,0
DA:42,0
DA:47,28
DA:52,0
DA:53,0
DA:54,0
DA:59,0
DA:61,0
DA:62,0
DA:66,28
DA:69,0
DA:70,0
DA:71,0
DA:73,0
DA:78,28
DA:83,0
DA:84,0
DA:86,0
DA:87,0
DA:88,0
DA:89,0
DA:97,0
DA:98,0
DA:101,0
DA:102,0
DA:105,0
DA:119,0
DA:120,0
DA:123,0
DA:125,0
DA:131,28
DA:136,3
DA:137,3
DA:138,3
DA:139,3
DA:140,3
DA:144,14
DA:146,2
DA:147,2
DA:148,2
DA:151,2
DA:152,2
DA:153,2
DA:154,2
DA:155,2
DA:156,2
DA:159,1
DA:162,2
DA:163,2
DA:164,2
DA:167,1
DA:172,3
DA:173,3
DA:174,3
DA:175,3
DA:176,3
DA:182,3
DA:183,3
DA:189,3
DA:190,3
DA:196,28
DA:197,28
LF:74
LH:43
BRDA:16,0,0,0
BRDA:16,0,1,28
BRDA:42,1,0,0
BRDA:42,1,1,0
BRDA:62,2,0,0
BRDA:62,2,1,0
BRDA:86,3,0,0
BRDA:86,3,1,0
BRDA:97,4,0,0
BRDA:97,4,1,0
BRDA:115,5,0,0
BRDA:115,5,1,0
BRDA:119,6,0,0
BRDA:119,6,1,0
BRDA:126,7,0,0
BRDA:126,7,1,0
BRDA:152,8,0,2
BRDA:152,8,1,1
BRDA:190,9,0,3
BRDA:190,9,1,1
BRF:20
BRH:5
end_of_record
TN:
SF:src/redux/hooks.ts
FN:4,(anonymous_0)
FNF:1
FNH:1
FNDA:21,(anonymous_0)
DA:1,1
DA:4,21
DA:5,1
LF:3
LH:3
BRF:0
BRH:0
end_of_record
TN:
SF:src/tests/test-utils.tsx
FN:25,(anonymous_5)
FN:43,renderWithProviders
FN:65,(anonymous_7)
FN:66,(anonymous_8)
FN:89,Wrapper
FNF:5
FNH:3
FNDA:138,(anonymous_5)
FNDA:138,renderWithProviders
FNDA:0,(anonymous_7)
FNDA:0,(anonymous_8)
FNDA:138,Wrapper
DA:3,13
DA:4,13
DA:5,13
DA:6,13
DA:7,13
DA:8,13
DA:9,13
DA:10,13
DA:11,13
DA:12,13
DA:25,13
DA:26,138
DA:58,138
DA:60,138
DA:65,0
DA:66,0
DA:70,138
DA:75,138
DA:82,138
DA:90,138
DA:107,138
DA:113,13
DA:114,13
LF:23
LH:21
BRDA:45,0,0,72
BRDA:46,1,0,138
BRDA:47,2,0,138
BRDA:51,3,0,76
BRDA:52,4,0,135
BRDA:53,5,0,130
BRDA:54,6,0,134
BRF:7
BRH:7
end_of_record
TN:
SF:src/utils/ProtectedRoute.tsx
FN:5,(anonymous_1)
FNF:1
FNH:1
FNDA:4,(anonymous_1)
DA:2,1
DA:3,1
DA:5,1
DA:6,4
DA:8,4
DA:9,2
DA:11,2
DA:14,1
LF:8
LH:8
BRDA:8,0,0,2
BRDA:8,0,1,2
BRF:2
BRH:2
end_of_record
TN:
SF:src/utils/dateUtils.ts
FN:1,(anonymous_0)
FNF:1
FNH:1
FNDA:43,(anonymous_0)
DA:1,4
DA:2,43
DA:3,43
DA:4,43
DA:6,43
DA:8,42
DA:9,24
DA:12,18
DA:13,18
DA:14,9
DA:17,9
DA:18,9
DA:19,4
DA:22,5
DA:23,5
DA:24,3
DA:27,2
DA:34,4
LF:18
LH:18
BRDA:6,0,0,1
BRDA:6,0,1,42
BRDA:8,1,0,24
BRDA:8,1,1,18
BRDA:13,2,0,9
BRDA:13,2,1,9
BRDA:18,3,0,4
BRDA:18,3,1,5
BRDA:19,4,0,1
BRDA:19,4,1,3
BRDA:23,5,0,3
BRDA:23,5,1,2
BRDA:24,6,0,1
BRDA:24,6,1,2
BRDA:30,7,0,0
BRDA:30,7,1,2
BRF:16
BRH:15
end_of_record
