TN:
SF:src/api/api.ts
FN:9,(anonymous_1)
FN:17,(anonymous_2)
FN:19,(anonymous_3)
FN:20,(anonymous_4)
FNF:4
FNH:4
FNDA:4,(anonymous_1)
FNDA:8,(anonymous_2)
FNDA:1,(anonymous_3)
FNDA:7,(anonymous_4)
DA:1,17
DA:2,17
DA:5,17
DA:7,17
DA:9,17
DA:10,4
DA:11,4
DA:12,2
DA:14,4
DA:17,17
DA:18,8
DA:19,1
DA:21,7
DA:22,3
DA:23,3
DA:24,2
DA:27,7
LF:17
LH:17
BRDA:11,0,0,2
BRDA:11,0,1,2
BRDA:21,1,0,3
BRDA:21,1,1,4
BRDA:23,2,0,2
BRDA:23,2,1,1
BRF:6
BRH:6
end_of_record
TN:
SF:src/api/graphql.ts
FN:3,fetchPostsGraphQL
FNF:1
FNH:0
FNDA:0,fetchPostsGraphQL
DA:1,3
DA:3,3
DA:4,0
DA:21,0
DA:29,0
DA:31,0
DA:32,0
DA:35,0
LF:8
LH:2
BRDA:31,0,0,0
BRDA:31,0,1,0
BRDA:31,1,0,0
BRDA:31,1,1,0
BRDA:31,1,2,0
BRF:5
BRH:0
end_of_record
TN:
SF:src/components/AuthLayout/AuthLayout.tsx
FN:18,(anonymous_1)
FNF:1
FNH:1
FNDA:78,(anonymous_1)
DA:2,2
DA:3,2
DA:4,2
DA:5,2
DA:18,2
DA:19,78
DA:42,2
LF:7
LH:7
BRF:0
BRH:0
end_of_record
TN:
SF:src/components/BurgerMenu/BurgerMenu.tsx
FN:10,(anonymous_1)
FN:15,(anonymous_2)
FN:21,(anonymous_3)
FNF:3
FNH:3
FNDA:133,(anonymous_1)
FNDA:6,(anonymous_2)
FNDA:1,(anonymous_3)
DA:1,6
DA:2,6
DA:3,6
DA:4,6
DA:5,6
DA:6,6
DA:7,6
DA:8,6
DA:10,6
DA:11,133
DA:12,133
DA:13,133
DA:15,133
DA:16,6
DA:17,6
DA:18,6
DA:21,133
DA:22,1
DA:23,1
DA:26,133
DA:93,6
LF:21
LH:21
BRDA:18,0,0,5
BRDA:18,0,1,1
BRDA:29,1,0,5
BRDA:29,1,1,128
BRDA:33,2,0,5
BRDA:33,2,1,128
BRDA:42,3,0,133
BRDA:42,3,1,5
BRDA:46,4,0,5
BRDA:46,4,1,128
BRDA:51,5,0,114
BRDA:51,5,1,19
BRDA:51,6,0,133
BRDA:51,6,1,114
BRF:14
BRH:14
end_of_record
TN:
SF:src/components/Button/Button.tsx
FN:14,(anonymous_0)
FNF:1
FNH:1
FNDA:531,(anonymous_0)
DA:1,13
DA:3,13
DA:4,13
DA:15,531
DA:17,531
DA:19,531
DA:21,189
DA:22,189
DA:24,44
DA:25,44
DA:27,298
DA:29,531
DA:30,531
DA:32,531
DA:45,13
LF:15
LH:15
BRDA:15,0,0,57
BRDA:19,1,0,189
BRDA:19,1,1,44
BRDA:19,1,2,298
BRDA:29,2,0,44
BRDA:29,2,1,487
BRDA:30,3,0,531
BRDA:30,3,1,301
BRDA:30,4,0,44
BRDA:30,4,1,257
BRDA:34,5,0,531
BRDA:34,5,1,367
BRDA:36,6,0,531
BRDA:36,6,1,191
BRDA:39,7,0,531
BRDA:39,7,1,239
BRF:16
BRH:16
end_of_record
TN:
SF:src/components/CommentItem/CommentItem.tsx
FN:9,(anonymous_0)
FNF:1
FNH:1
FNDA:11,(anonymous_0)
DA:1,3
DA:3,3
DA:9,3
DA:10,11
DA:12,11
DA:29,3
LF:6
LH:6
BRDA:14,0,0,6
BRDA:14,0,1,5
BRDA:21,1,0,5
BRDA:21,1,1,1
BRF:4
BRH:4
end_of_record
TN:
SF:src/components/CreatePostForm/CreatePostForm.tsx
FN:14,(anonymous_1)
FN:30,(anonymous_2)
FN:47,(anonymous_3)
FN:54,(anonymous_4)
FN:58,(anonymous_5)
FN:69,(anonymous_6)
FNF:6
FNH:6
FNDA:2,(anonymous_1)
FNDA:13,(anonymous_2)
FNDA:33,(anonymous_3)
FNDA:5,(anonymous_4)
FNDA:4,(anonymous_5)
FNDA:1,(anonymous_6)
DA:1,2
DA:2,2
DA:3,2
DA:4,2
DA:5,2
DA:6,2
DA:7,2
DA:14,2
DA:15,2
DA:16,2
DA:17,2
DA:25,2
DA:30,2
DA:31,13
DA:33,5
DA:34,0
DA:35,0
DA:37,5
DA:39,4
DA:41,4
DA:43,0
DA:47,2
DA:48,33
DA:49,33
DA:50,33
DA:51,33
DA:52,33
DA:54,33
DA:55,5
DA:58,33
DA:59,4
DA:61,4
DA:63,4
DA:64,4
DA:66,4
DA:69,33
DA:70,1
DA:71,1
DA:74,33
DA:76,33
DA:112,2
LF:41
LH:38
BRDA:14,0,0,2
BRDA:14,0,1,2
BRDA:31,1,0,5
BRDA:31,1,1,4
BRDA:31,1,2,4
BRDA:31,1,3,0
BRDA:33,2,0,0
BRDA:33,2,1,5
BRDA:94,3,0,0
BRDA:94,3,1,33
BRDA:101,4,0,33
BRDA:101,4,1,4
BRF:12
BRH:9
end_of_record
TN:
SF:src/components/CreatePostModal/CreatePostModal.tsx
FN:19,(anonymous_1)
FN:40,(anonymous_2)
FN:65,(anonymous_3)
FN:74,(anonymous_4)
FN:109,(anonymous_5)
FN:123,(anonymous_6)
FN:147,(anonymous_7)
FN:161,(anonymous_8)
FN:177,(anonymous_9)
FN:178,(anonymous_10)
FNF:10
FNH:8
FNDA:3,(anonymous_1)
FNDA:17,(anonymous_2)
FNDA:30,(anonymous_3)
FNDA:5,(anonymous_4)
FNDA:2,(anonymous_5)
FNDA:8,(anonymous_6)
FNDA:4,(anonymous_7)
FNDA:3,(anonymous_8)
FNDA:0,(anonymous_9)
FNDA:0,(anonymous_10)
DA:1,3
DA:2,3
DA:3,3
DA:4,3
DA:5,3
DA:6,3
DA:7,3
DA:8,3
DA:9,3
DA:10,3
DA:19,3
DA:20,3
DA:21,3
DA:22,3
DA:23,3
DA:24,3
DA:25,3
DA:33,3
DA:40,3
DA:41,17
DA:43,4
DA:45,3
DA:47,0
DA:49,3
DA:51,3
DA:53,4
DA:55,0
DA:65,3
DA:66,30
DA:70,30
DA:71,30
DA:72,30
DA:74,30
DA:75,5
DA:77,5
DA:78,2
DA:79,2
DA:82,3
DA:84,3
DA:85,3
DA:86,3
DA:87,0
DA:90,3
DA:96,3
DA:97,3
DA:98,3
DA:100,0
DA:105,3
DA:109,30
DA:110,2
DA:111,2
DA:114,30
DA:115,1
DA:118,29
DA:123,8
DA:148,4
DA:162,3
DA:179,0
DA:200,3
LF:59
LH:54
BRDA:19,0,0,3
BRDA:19,0,1,3
BRDA:41,1,0,4
BRDA:41,1,1,3
BRDA:41,1,2,0
BRDA:41,1,3,3
BRDA:41,1,4,3
BRDA:41,1,5,4
BRDA:41,1,6,0
BRDA:68,2,0,30
BRDA:68,2,1,25
BRDA:77,3,0,2
BRDA:77,3,1,3
BRDA:77,4,0,5
BRDA:77,4,1,4
BRDA:86,5,0,0
BRDA:86,5,1,3
BRDA:101,6,0,0
BRDA:101,6,1,0
BRDA:114,7,0,1
BRDA:114,7,1,29
BRDA:190,8,0,3
BRDA:190,8,1,26
BRF:23
BRH:18
end_of_record
TN:
SF:src/components/Footer/Footer.tsx
FN:3,(anonymous_0)
FNF:1
FNH:1
FNDA:99,(anonymous_0)
DA:1,4
DA:3,4
DA:4,99
DA:11,4
LF:4
LH:4
BRF:0
BRH:0
end_of_record
TN:
SF:src/components/Header/Header.tsx
FN:16,(anonymous_1)
FN:21,(anonymous_2)
FNF:2
FNH:2
FNDA:114,(anonymous_1)
FNDA:114,(anonymous_2)
DA:1,5
DA:2,5
DA:3,5
DA:4,5
DA:5,5
DA:6,5
DA:7,5
DA:8,5
DA:9,5
DA:10,5
DA:16,5
DA:17,114
DA:18,114
DA:19,114
DA:21,114
DA:22,114
DA:23,89
DA:29,25
DA:30,20
DA:50,5
DA:64,114
DA:79,5
LF:22
LH:22
BRDA:16,0,0,25
BRDA:22,1,0,89
BRDA:22,1,1,25
BRDA:29,2,0,20
BRDA:29,2,1,5
BRDA:29,3,0,25
BRDA:29,3,1,20
BRDA:67,4,0,114
BRDA:67,4,1,0
BRF:9
BRH:8
end_of_record
TN:
SF:src/components/Input/Input.tsx
FN:18,(anonymous_1)
FN:41,(anonymous_2)
FN:45,(anonymous_3)
FN:53,(anonymous_4)
FN:55,(anonymous_5)
FN:63,(anonymous_6)
FNF:6
FNH:6
FNDA:340,(anonymous_1)
FNDA:33,(anonymous_2)
FNDA:2,(anonymous_3)
FNDA:3,(anonymous_4)
FNDA:250,(anonymous_5)
FNDA:304,(anonymous_6)
DA:1,7
DA:2,7
DA:8,7
DA:9,7
DA:10,7
DA:11,7
DA:12,7
DA:13,7
DA:14,7
DA:15,7
DA:16,7
DA:18,7
DA:36,340
DA:37,340
DA:38,340
DA:39,340
DA:41,340
DA:42,33
DA:45,340
DA:46,2
DA:47,2
DA:48,2
DA:49,2
DA:53,340
DA:55,340
DA:56,250
DA:57,85
DA:59,165
DA:60,165
DA:63,340
DA:64,304
DA:65,189
DA:66,179
DA:69,340
DA:70,340
DA:72,340
DA:74,340
DA:75,36
DA:132,304
DA:228,7
LF:40
LH:40
BRDA:25,0,0,109
BRDA:30,1,0,27
BRDA:31,2,0,311
BRDA:32,3,0,255
BRDA:47,4,0,2
BRDA:47,4,1,0
BRDA:47,5,0,2
BRDA:47,5,1,2
BRDA:56,6,0,85
BRDA:56,6,1,165
BRDA:56,7,0,250
BRDA:56,7,1,86
BRDA:57,8,0,2
BRDA:57,8,1,83
BRDA:59,9,0,0
BRDA:59,9,1,165
BRDA:59,10,0,165
BRDA:59,10,1,165
BRDA:64,11,0,115
BRDA:64,11,1,189
BRDA:65,12,0,10
BRDA:65,12,1,179
BRDA:72,13,0,340
BRDA:72,13,1,54
BRDA:72,13,2,24
BRDA:74,14,0,36
BRDA:74,14,1,304
BRDA:77,15,0,36
BRDA:77,15,1,7
BRDA:79,16,0,7
BRDA:79,16,1,0
BRDA:86,17,0,4
BRDA:86,17,1,32
BRDA:102,18,0,36
BRDA:102,18,1,34
BRDA:102,18,2,2
BRDA:105,19,0,29
BRDA:105,19,1,7
BRDA:113,20,0,36
BRDA:113,20,1,1
BRDA:113,20,2,1
BRDA:139,21,0,304
BRDA:139,21,1,115
BRDA:145,22,0,54
BRDA:145,22,1,250
BRDA:173,23,0,304
BRDA:173,23,1,86
BRDA:173,23,2,85
BRDA:178,24,0,2
BRDA:178,24,1,83
BRDA:181,25,0,2
BRDA:181,25,1,83
BRDA:187,26,0,304
BRDA:187,26,1,115
BRDA:187,26,2,21
BRDA:200,27,0,304
BRDA:200,27,1,10
BRDA:200,27,2,10
BRDA:216,28,0,304
BRDA:216,28,1,54
BRDA:216,28,2,24
BRDA:217,29,0,1
BRDA:217,29,1,23
BRF:63
BRH:60
end_of_record
TN:
SF:src/components/LanguageSwitcher/LanguageSwitcher.tsx
FN:12,(anonymous_0)
FN:20,(anonymous_1)
FN:22,(anonymous_2)
FN:25,(anonymous_3)
FN:32,(anonymous_4)
FN:35,(anonymous_5)
FN:46,(anonymous_6)
FN:46,(anonymous_7)
FN:88,(anonymous_8)
FN:94,(anonymous_9)
FNF:10
FNH:2
FNDA:114,(anonymous_0)
FNDA:0,(anonymous_1)
FNDA:55,(anonymous_2)
FNDA:0,(anonymous_3)
FNDA:0,(anonymous_4)
FNDA:0,(anonymous_5)
FNDA:0,(anonymous_6)
FNDA:0,(anonymous_7)
FNDA:0,(anonymous_8)
FNDA:0,(anonymous_9)
DA:1,5
DA:2,5
DA:3,5
DA:4,5
DA:6,5
DA:12,5
DA:13,114
DA:14,114
DA:16,114
DA:17,114
DA:18,114
DA:20,114
DA:22,114
DA:23,55
DA:25,0
DA:26,0
DA:27,0
DA:31,0
DA:32,0
DA:35,114
DA:36,0
DA:37,0
DA:38,0
DA:41,114
DA:46,0
DA:89,0
DA:94,0
DA:119,5
LF:28
LH:17
BRDA:23,0,0,55
BRDA:23,0,1,0
BRDA:26,1,0,0
BRDA:26,1,1,0
BRDA:26,2,0,0
BRDA:26,2,1,0
BRDA:69,3,0,0
BRDA:69,3,1,114
BRDA:82,4,0,114
BRDA:82,4,1,0
BRDA:93,5,0,0
BRDA:93,5,1,0
BRDA:106,6,0,0
BRDA:106,6,1,0
BRF:14
BRH:3
end_of_record
TN:
SF:src/components/Post/Post.tsx
FN:31,(anonymous_1)
FN:55,(anonymous_2)
FN:66,(anonymous_3)
FN:67,(anonymous_4)
FN:95,(anonymous_5)
FN:106,(anonymous_6)
FN:123,(anonymous_7)
FN:140,(anonymous_8)
FN:142,(anonymous_9)
FN:149,(anonymous_10)
FN:153,(anonymous_11)
FN:157,(anonymous_12)
FN:162,(anonymous_13)
FN:165,(anonymous_14)
FN:170,(anonymous_15)
FN:178,(anonymous_16)
FN:182,(anonymous_17)
FN:306,(anonymous_18)
FN:321,(anonymous_19)
FNF:19
FNH:17
FNDA:38,(anonymous_1)
FNDA:38,(anonymous_2)
FNDA:674,(anonymous_3)
FNDA:110,(anonymous_4)
FNDA:2,(anonymous_5)
FNDA:4,(anonymous_6)
FNDA:38,(anonymous_7)
FNDA:4,(anonymous_8)
FNDA:4,(anonymous_9)
FNDA:2,(anonymous_10)
FNDA:1,(anonymous_11)
FNDA:1,(anonymous_12)
FNDA:6,(anonymous_13)
FNDA:3,(anonymous_14)
FNDA:1,(anonymous_15)
FNDA:0,(anonymous_16)
FNDA:1,(anonymous_17)
FNDA:0,(anonymous_18)
FNDA:2,(anonymous_19)
DA:1,2
DA:2,2
DA:15,2
DA:16,2
DA:17,2
DA:18,2
DA:19,2
DA:20,2
DA:21,2
DA:22,2
DA:23,2
DA:24,2
DA:25,2
DA:26,2
DA:27,2
DA:28,2
DA:29,2
DA:31,38
DA:47,2
DA:55,38
DA:65,2
DA:66,674
DA:67,110
DA:95,2
DA:96,2
DA:97,2
DA:98,2
DA:106,2
DA:107,4
DA:109,2
DA:111,1
DA:113,1
DA:115,0
DA:123,2
DA:124,38
DA:125,38
DA:126,38
DA:127,38
DA:128,38
DA:130,38
DA:131,38
DA:132,38
DA:133,38
DA:135,38
DA:136,38
DA:137,38
DA:138,38
DA:140,38
DA:142,38
DA:143,4
DA:144,2
DA:145,2
DA:148,2
DA:149,2
DA:151,2
DA:152,1
DA:153,1
DA:156,1
DA:157,1
DA:162,38
DA:163,6
DA:164,5
DA:165,5
DA:167,6
DA:170,38
DA:171,1
DA:172,1
DA:174,1
DA:175,1
DA:179,0
DA:180,0
DA:183,1
DA:184,1
DA:190,38
DA:191,38
DA:193,38
DA:307,0
DA:322,2
DA:366,2
DA:367,2
LF:80
LH:76
BRDA:73,0,0,4
BRDA:73,0,1,106
BRDA:95,1,0,2
BRDA:95,1,1,2
BRDA:107,2,0,2
BRDA:107,2,1,1
BRDA:107,2,2,1
BRDA:107,2,3,0
BRDA:109,3,0,2
BRDA:109,3,1,0
BRDA:136,4,0,38
BRDA:140,5,0,38
BRDA:140,5,1,0
BRDA:143,6,0,2
BRDA:143,6,1,2
BRDA:151,7,0,1
BRDA:151,7,1,1
BRDA:163,8,0,5
BRDA:163,8,1,1
BRDA:172,9,0,0
BRDA:172,9,1,1
BRDA:190,10,0,38
BRDA:190,10,1,38
BRDA:191,11,0,4
BRDA:191,11,1,34
BRDA:196,12,0,26
BRDA:196,12,1,12
BRDA:200,13,0,12
BRDA:200,13,1,12
BRDA:221,14,0,38
BRDA:221,14,1,1
BRDA:231,15,0,1
BRDA:231,15,1,37
BRDA:240,16,0,38
BRDA:240,16,1,37
BRDA:244,17,0,4
BRDA:244,17,1,34
BRDA:244,18,0,2
BRDA:244,18,1,2
BRDA:246,19,0,4
BRDA:246,19,1,34
BRDA:248,20,0,2
BRDA:248,20,1,2
BRDA:255,21,0,4
BRDA:255,21,1,34
BRDA:259,22,0,2
BRDA:259,22,1,2
BRDA:275,23,0,15
BRDA:275,23,1,23
BRDA:279,24,0,34
BRDA:279,24,1,4
BRDA:285,25,0,38
BRDA:285,25,1,34
BRDA:288,26,0,14
BRDA:288,26,1,20
BRDA:290,27,0,14
BRDA:290,27,1,20
BRDA:295,28,0,38
BRDA:295,28,1,14
BRDA:301,29,0,26
BRDA:301,29,1,12
BRDA:305,30,0,12
BRDA:305,30,1,12
BRDA:339,31,0,12
BRDA:339,31,1,11
BRDA:352,32,0,1
BRDA:352,32,1,11
BRF:67
BRH:63
end_of_record
TN:
SF:src/components/ProfileInfo/ProfileInfo.tsx
FN:32,(anonymous_1)
FN:46,(anonymous_2)
FN:51,(anonymous_3)
FN:55,(anonymous_4)
FN:90,(anonymous_5)
FN:98,(anonymous_6)
FN:118,(anonymous_7)
FN:128,(anonymous_8)
FN:132,(anonymous_9)
FN:141,(anonymous_10)
FN:152,(anonymous_11)
FN:213,(anonymous_12)
FN:231,(anonymous_13)
FN:250,(anonymous_14)
FNF:14
FNH:11
FNDA:1,(anonymous_1)
FNDA:3,(anonymous_2)
FNDA:3,(anonymous_3)
FNDA:6,(anonymous_4)
FNDA:21,(anonymous_5)
FNDA:15,(anonymous_6)
FNDA:63,(anonymous_7)
FNDA:0,(anonymous_8)
FNDA:0,(anonymous_9)
FNDA:3,(anonymous_10)
FNDA:3,(anonymous_11)
FNDA:1,(anonymous_12)
FNDA:2,(anonymous_13)
FNDA:0,(anonymous_14)
DA:1,1
DA:2,1
DA:3,1
DA:4,1
DA:5,1
DA:6,1
DA:7,1
DA:8,1
DA:15,1
DA:16,1
DA:17,1
DA:18,1
DA:19,1
DA:20,1
DA:21,1
DA:32,1
DA:33,1
DA:34,1
DA:35,1
DA:36,1
DA:37,1
DA:46,1
DA:47,3
DA:51,3
DA:55,1
DA:56,6
DA:58,3
DA:59,3
DA:65,0
DA:68,0
DA:69,0
DA:71,0
DA:74,3
DA:75,0
DA:77,3
DA:80,0
DA:83,0
DA:86,0
DA:90,1
DA:91,21
DA:92,21
DA:93,21
DA:94,21
DA:95,21
DA:97,21
DA:99,15
DA:107,21
DA:116,21
DA:118,21
DA:119,63
DA:120,3
DA:122,60
DA:123,60
DA:125,0
DA:128,21
DA:129,0
DA:130,0
DA:131,0
DA:132,0
DA:133,0
DA:134,0
DA:135,0
DA:138,0
DA:141,21
DA:142,3
DA:144,3
DA:150,3
DA:151,3
DA:152,3
DA:153,3
DA:154,3
DA:157,3
DA:158,3
DA:159,3
DA:162,0
DA:164,0
DA:165,0
DA:174,0
DA:175,0
DA:177,0
DA:178,0
DA:182,21
DA:186,21
DA:188,21
DA:214,1
DA:232,2
DA:251,0
DA:312,1
LF:88
LH:63
BRDA:32,0,0,1
BRDA:32,0,1,1
BRDA:48,1,0,3
BRDA:48,1,1,3
BRDA:48,1,2,3
BRDA:48,1,3,3
BRDA:56,2,0,3
BRDA:56,2,1,0
BRDA:56,2,2,3
BRDA:56,2,3,0
BRDA:56,2,4,0
BRDA:56,2,5,0
BRDA:58,3,0,3
BRDA:58,3,1,0
BRDA:58,4,0,3
BRDA:58,4,1,3
BRDA:68,5,0,0
BRDA:68,5,1,0
BRDA:68,6,0,0
BRDA:68,6,1,0
BRDA:74,7,0,0
BRDA:74,7,1,3
BRDA:108,8,0,21
BRDA:108,8,1,0
BRDA:109,9,0,21
BRDA:109,9,1,0
BRDA:110,10,0,21
BRDA:110,10,1,1
BRDA:110,10,2,0
BRDA:119,11,0,3
BRDA:119,11,1,60
BRDA:122,12,0,60
BRDA:122,12,1,0
BRDA:134,13,0,0
BRDA:134,13,1,0
BRDA:150,14,0,3
BRDA:150,14,1,0
BRDA:177,15,0,0
BRDA:177,15,1,0
BRDA:182,16,0,0
BRDA:182,16,1,21
BRDA:184,17,0,21
BRDA:184,17,1,0
BRDA:268,18,0,0
BRDA:268,18,1,21
BRDA:292,19,0,20
BRDA:292,19,1,1
BRF:47
BRH:25
end_of_record
TN:
SF:src/components/Sidebar/Sidebar.tsx
FN:15,(anonymous_1)
FN:24,(anonymous_2)
FN:25,(anonymous_3)
FN:49,(anonymous_4)
FN:55,(anonymous_5)
FN:69,(anonymous_6)
FNF:6
FNH:6
FNDA:34,(anonymous_1)
FNDA:20,(anonymous_2)
FNDA:20,(anonymous_3)
FNDA:4,(anonymous_4)
FNDA:2,(anonymous_5)
FNDA:2,(anonymous_6)
DA:1,2
DA:2,2
DA:3,2
DA:4,2
DA:5,2
DA:15,2
DA:16,34
DA:17,34
DA:24,34
DA:25,20
DA:26,20
DA:27,20
DA:28,20
DA:31,20
DA:32,0
DA:35,20
DA:40,18
DA:45,18
DA:46,1
DA:49,17
DA:55,17
DA:62,17
DA:69,2
DA:77,20
DA:80,34
DA:100,2
LF:26
LH:25
BRDA:31,0,0,0
BRDA:31,0,1,20
BRDA:45,1,0,1
BRDA:45,1,1,17
BRDA:45,2,0,18
BRDA:45,2,1,17
BRDA:52,3,0,4
BRDA:52,3,1,0
BRDA:53,4,0,4
BRDA:53,4,1,4
BRDA:59,5,0,2
BRDA:59,5,1,2
BRDA:72,6,0,2
BRDA:72,6,1,0
BRDA:82,7,0,20
BRDA:82,7,1,14
BRF:16
BRH:13
end_of_record
TN:
SF:src/components/SidebarItem/SidebarItem.tsx
FN:15,(anonymous_0)
FN:20,(anonymous_1)
FNF:2
FNH:2
FNDA:28,(anonymous_0)
FNDA:6,(anonymous_1)
DA:1,2
DA:15,2
DA:16,28
DA:21,6
DA:38,2
LF:5
LH:5
BRF:0
BRH:0
end_of_record
TN:
SF:src/components/Skeletons/PostSkeleton.tsx
FN:4,(anonymous_0)
FN:10,(anonymous_1)
FN:15,(anonymous_2)
FNF:3
FNH:3
FNDA:36,(anonymous_0)
FNDA:36,(anonymous_1)
FNDA:36,(anonymous_2)
DA:1,1
DA:2,1
DA:4,36
DA:10,36
DA:15,1
DA:16,36
DA:50,1
LF:7
LH:7
BRF:0
BRH:0
end_of_record
TN:
SF:src/components/Skeletons/SidebarItemSkeleton.tsx
FN:8,(anonymous_0)
FN:15,(anonymous_1)
FNF:2
FNH:2
FNDA:40,(anonymous_0)
FNDA:180,(anonymous_1)
DA:1,2
DA:8,2
DA:9,40
DA:11,40
DA:16,180
DA:29,2
LF:6
LH:6
BRDA:8,0,0,0
BRF:1
BRH:0
end_of_record
TN:
SF:src/components/TabSwitch/TabSwitch.tsx
FN:17,(anonymous_1)
FN:20,(anonymous_2)
FN:27,(anonymous_3)
FN:33,(anonymous_4)
FNF:4
FNH:4
FNDA:16,(anonymous_1)
FNDA:7,(anonymous_2)
FNDA:48,(anonymous_3)
FNDA:7,(anonymous_4)
DA:1,1
DA:2,1
DA:3,1
DA:4,1
DA:17,1
DA:18,16
DA:20,16
DA:21,7
DA:22,7
DA:25,16
DA:28,48
DA:33,7
DA:42,1
LF:13
LH:13
BRDA:18,0,0,16
BRDA:18,0,1,15
BRDA:32,1,0,16
BRDA:32,1,1,32
BRF:4
BRH:4
end_of_record
TN:
SF:src/components/Toast/Toast.tsx
FN:11,(anonymous_1)
FN:14,(anonymous_2)
FN:27,(anonymous_3)
FN:42,(anonymous_4)
FNF:4
FNH:4
FNDA:13,(anonymous_1)
FNDA:13,(anonymous_2)
FNDA:13,(anonymous_3)
FNDA:2,(anonymous_4)
DA:1,1
DA:2,1
DA:3,1
DA:4,1
DA:11,1
DA:12,13
DA:14,13
DA:15,13
DA:17,8
DA:19,2
DA:21,3
DA:23,0
DA:27,13
DA:28,13
DA:31,13
DA:42,2
DA:51,1
LF:17
LH:16
BRDA:15,0,0,8
BRDA:15,0,1,2
BRDA:15,0,2,3
BRDA:15,0,3,0
BRDA:28,1,0,2
BRDA:28,1,1,11
BRF:6
BRH:5
end_of_record
TN:
SF:src/components/Toast/ToastContainer.tsx
FN:11,(anonymous_1)
FN:19,(anonymous_2)
FNF:2
FNH:2
FNDA:21,(anonymous_1)
FNDA:13,(anonymous_2)
DA:1,1
DA:3,1
DA:4,1
DA:11,1
DA:12,21
DA:13,10
DA:15,11
DA:17,11
DA:20,13
DA:27,1
LF:10
LH:10
BRDA:12,0,0,10
BRDA:12,0,1,11
BRDA:15,1,0,11
BRDA:15,1,1,11
BRF:4
BRH:4
end_of_record
TN:
SF:src/context/AuthContext/AuthContext.tsx
FNF:0
FNH:0
DA:1,15
DA:4,15
DA:6,15
LF:3
LH:3
BRF:0
BRH:0
end_of_record
TN:
SF:src/context/ThemeContext/ThemeContext.tsx
FNF:0
FNH:0
DA:1,15
DA:4,15
DA:6,15
LF:3
LH:3
BRF:0
BRH:0
end_of_record
TN:
SF:src/context/ToastContext/ToastContext.tsx
FNF:0
FNH:0
DA:1,16
DA:4,16
DA:6,16
LF:3
LH:3
BRF:0
BRH:0
end_of_record
TN:
SF:src/context/ToastContext/ToastProvider.tsx
FN:10,(anonymous_1)
FN:13,(anonymous_2)
FN:14,(anonymous_3)
FN:14,(anonymous_4)
FN:18,(anonymous_5)
FN:22,(anonymous_6)
FN:24,(anonymous_7)
FNF:7
FNH:7
FNDA:21,(anonymous_1)
FNDA:3,(anonymous_2)
FNDA:3,(anonymous_3)
FNDA:4,(anonymous_4)
FNDA:10,(anonymous_5)
FNDA:10,(anonymous_6)
FNDA:1,(anonymous_7)
DA:1,1
DA:3,1
DA:4,1
DA:10,1
DA:11,21
DA:13,21
DA:14,4
DA:17,21
DA:19,10
DA:20,10
DA:22,10
DA:24,10
DA:25,1
DA:31,21
DA:39,1
LF:15
LH:15
BRF:0
BRH:0
end_of_record
TN:
SF:src/hooks/useAuth.ts
FN:4,(anonymous_1)
FNF:1
FNH:1
FNDA:437,(anonymous_1)
DA:1,10
DA:2,10
DA:4,10
DA:5,437
DA:6,437
DA:7,0
DA:9,437
DA:12,10
LF:8
LH:7
BRDA:6,0,0,0
BRDA:6,0,1,437
BRF:2
BRH:1
end_of_record
TN:
SF:src/hooks/useCommentsQuery.ts
FN:5,useCommentsQuery
FN:8,(anonymous_1)
FN:15,useAddCommentMutation
FN:19,(anonymous_3)
FN:23,(anonymous_4)
FNF:5
FNH:4
FNDA:38,useCommentsQuery
FNDA:19,(anonymous_1)
FNDA:38,useAddCommentMutation
FNDA:1,(anonymous_3)
FNDA:0,(anonymous_4)
DA:1,2
DA:3,2
DA:5,2
DA:6,38
DA:9,19
DA:10,0
DA:15,2
DA:16,38
DA:18,38
DA:20,1
DA:21,0
DA:24,0
LF:12
LH:9
BRF:0
BRH:0
end_of_record
TN:
SF:src/hooks/useLikeMutation.ts
FN:11,usePostReactionMutation
FN:15,(anonymous_1)
FN:19,(anonymous_2)
FN:21,(anonymous_3)
FN:23,(anonymous_4)
FN:31,usePostReactions
FNF:6
FNH:3
FNDA:76,usePostReactionMutation
FNDA:2,(anonymous_1)
FNDA:0,(anonymous_2)
FNDA:0,(anonymous_3)
FNDA:0,(anonymous_4)
FNDA:38,usePostReactions
DA:1,2
DA:3,2
DA:12,76
DA:14,76
DA:16,2
DA:17,0
DA:20,0
DA:21,0
DA:22,0
DA:23,0
DA:24,0
DA:31,2
DA:32,38
DA:33,38
DA:35,38
LF:15
LH:9
BRDA:22,0,0,0
BRDA:22,0,1,0
BRDA:24,1,0,0
BRDA:24,1,1,0
BRF:4
BRH:0
end_of_record
TN:
SF:src/hooks/usePostsQuery.ts
FN:7,usePostsQuery
FN:14,useCreatePostMutation
FN:18,(anonymous_2)
FN:46,(anonymous_3)
FN:52,uploadImage
FNF:5
FNH:4
FNDA:16,usePostsQuery
FNDA:30,useCreatePostMutation
FNDA:3,(anonymous_2)
FNDA:3,(anonymous_3)
FNDA:0,uploadImage
DA:1,3
DA:3,3
DA:5,3
DA:7,3
DA:8,16
DA:14,3
DA:15,30
DA:17,30
DA:27,3
DA:40,3
DA:41,0
DA:44,3
DA:47,3
DA:52,3
DA:53,0
DA:54,0
DA:56,0
DA:64,0
DA:65,0
DA:68,0
DA:69,0
LF:21
LH:13
BRDA:40,0,0,0
BRDA:40,0,1,3
BRDA:64,1,0,0
BRDA:64,1,1,0
BRF:4
BRH:1
end_of_record
TN:
SF:src/hooks/useTheme.ts
FN:4,(anonymous_1)
FNF:1
FNH:1
FNDA:135,(anonymous_1)
DA:1,6
DA:2,6
DA:4,6
DA:5,135
DA:6,135
DA:7,0
DA:9,135
DA:12,6
LF:8
LH:7
BRDA:6,0,0,0
BRDA:6,0,1,135
BRF:2
BRH:1
end_of_record
TN:
SF:src/hooks/useTimeAgo.ts
FN:5,(anonymous_1)
FN:10,(anonymous_2)
FN:11,(anonymous_3)
FN:12,(anonymous_4)
FN:15,(anonymous_5)
FNF:5
FNH:5
FNDA:43,(anonymous_1)
FNDA:23,(anonymous_2)
FNDA:1,(anonymous_3)
FNDA:1,(anonymous_4)
FNDA:23,(anonymous_5)
DA:1,3
DA:2,3
DA:3,3
DA:5,3
DA:6,43
DA:8,43
DA:10,43
DA:11,23
DA:12,1
DA:15,23
DA:18,43
DA:21,3
LF:12
LH:12
BRF:0
BRH:0
end_of_record
TN:
SF:src/hooks/useToast.ts
FN:4,(anonymous_1)
FNF:1
FNH:1
FNDA:188,(anonymous_1)
DA:1,8
DA:2,8
DA:4,8
DA:5,188
DA:6,188
DA:7,0
DA:9,188
DA:12,8
LF:8
LH:7
BRDA:6,0,0,0
BRDA:6,0,1,188
BRF:2
BRH:1
end_of_record
TN:
SF:src/hooks/useUserQuery.ts
FN:6,fetchUserById
FN:19,useUserQuery
FN:22,(anonymous_2)
FNF:3
FNH:3
FNDA:25,fetchUserById
FNDA:49,useUserQuery
FNDA:25,(anonymous_2)
DA:1,3
DA:4,3
DA:7,25
DA:13,24
DA:14,0
DA:16,24
DA:19,3
DA:20,49
DA:23,25
DA:24,0
DA:27,25
LF:11
LH:9
BRDA:13,0,0,0
BRDA:13,0,1,24
BRDA:23,1,0,0
BRDA:23,1,1,25
BRF:4
BRH:2
end_of_record
TN:
SF:src/i18n/i18n.ts
FN:9,(anonymous_1)
FN:34,(anonymous_2)
FNF:2
FNH:1
FNDA:5,(anonymous_1)
FNDA:0,(anonymous_2)
DA:1,5
DA:2,5
DA:3,5
DA:4,5
DA:5,5
DA:7,5
DA:9,5
DA:10,5
DA:11,5
DA:12,5
DA:15,5
DA:21,5
DA:34,5
DA:35,0
DA:36,0
DA:39,5
LF:16
LH:14
BRDA:9,0,0,5
BRDA:9,0,1,5
BRDA:27,1,0,5
BRDA:27,1,1,5
BRF:4
BRH:4
end_of_record
TN:
SF:src/i18n/locales/be.ts
FNF:0
FNH:0
DA:1,5
DA:153,5
LF:2
LH:2
BRF:0
BRH:0
end_of_record
TN:
SF:src/i18n/locales/en.ts
FNF:0
FNH:0
DA:1,15
DA:153,15
LF:2
LH:2
BRF:0
BRH:0
end_of_record
TN:
SF:src/i18n/locales/ru.ts
FNF:0
FNH:0
DA:1,5
DA:153,5
LF:2
LH:2
BRF:0
BRH:0
end_of_record
TN:
SF:src/interfaces/interfaces.ts
FN:76,(anonymous_0)
FN:84,(anonymous_1)
FN:90,(anonymous_2)
FN:96,(anonymous_3)
FN:101,(anonymous_4)
FN:135,(anonymous_5)
FNF:6
FNH:6
FNDA:18,(anonymous_0)
FNDA:18,(anonymous_1)
FNDA:18,(anonymous_2)
FNDA:18,(anonymous_3)
FNDA:18,(anonymous_4)
FNDA:18,(anonymous_5)
DA:76,18
DA:77,18
DA:78,18
DA:79,18
DA:80,18
DA:81,18
DA:84,18
DA:85,18
DA:86,18
DA:87,18
DA:90,18
DA:91,18
DA:92,18
DA:93,18
DA:96,18
DA:97,18
DA:98,18
DA:101,18
DA:102,18
DA:103,18
DA:104,18
DA:135,18
DA:136,18
DA:137,18
LF:24
LH:24
BRDA:76,0,0,18
BRDA:76,0,1,18
BRDA:84,1,0,18
BRDA:84,1,1,18
BRDA:90,2,0,18
BRDA:90,2,1,18
BRDA:96,3,0,18
BRDA:96,3,1,18
BRDA:101,4,0,18
BRDA:101,4,1,18
BRDA:135,5,0,18
BRDA:135,5,1,18
BRF:12
BRH:12
end_of_record
TN:
SF:src/pages/ErrorPage/ErrorPage.tsx
FN:13,(anonymous_1)
FN:16,(anonymous_2)
FNF:2
FNH:2
FNDA:7,(anonymous_1)
FNDA:7,(anonymous_2)
DA:1,1
DA:2,1
DA:3,1
DA:4,1
DA:5,1
DA:6,1
DA:7,1
DA:13,1
DA:14,7
DA:16,7
DA:17,7
DA:19,3
DA:28,4
DA:38,7
DA:47,1
LF:15
LH:15
BRDA:17,0,0,3
BRDA:17,0,1,4
BRF:2
BRH:2
end_of_record
TN:
SF:src/pages/MainPage/MainPage.tsx
FN:15,(anonymous_1)
FN:24,(anonymous_2)
FN:29,(anonymous_3)
FN:31,(anonymous_4)
FN:38,(anonymous_5)
FN:61,(anonymous_6)
FNF:6
FNH:4
FNDA:16,(anonymous_1)
FNDA:14,(anonymous_2)
FNDA:0,(anonymous_3)
FNDA:0,(anonymous_4)
FNDA:2,(anonymous_5)
FNDA:4,(anonymous_6)
DA:1,1
DA:2,1
DA:3,1
DA:4,1
DA:5,1
DA:6,1
DA:7,1
DA:8,1
DA:9,1
DA:10,1
DA:13,1
DA:15,1
DA:16,16
DA:17,16
DA:18,16
DA:19,16
DA:21,16
DA:22,16
DA:24,16
DA:25,14
DA:26,14
DA:28,2
DA:30,0
DA:31,0
DA:37,2
DA:38,2
DA:41,16
DA:62,4
DA:91,1
LF:29
LH:27
BRDA:17,0,0,13
BRDA:26,1,0,12
BRDA:26,1,1,2
BRDA:30,2,0,0
BRDA:30,2,1,0
BRDA:47,3,0,16
BRDA:47,3,1,14
BRDA:50,4,0,16
BRDA:50,4,1,12
BRDA:58,5,0,16
BRDA:58,5,1,1
BRDA:60,6,0,16
BRDA:60,6,1,4
BRDA:67,7,0,16
BRDA:67,7,1,4
BRDA:67,7,2,2
BRDA:67,7,3,1
BRDA:72,8,0,16
BRDA:72,8,1,4
BRDA:74,9,0,4
BRDA:74,9,1,0
BRDA:84,10,0,16
BRDA:84,10,1,14
BRF:23
BRH:20
end_of_record
TN:
SF:src/pages/SignInPage/SignInPage.tsx
FN:17,(anonymous_10)
FN:24,(anonymous_11)
FN:50,(anonymous_12)
FN:68,(anonymous_13)
FN:82,(anonymous_14)
FN:97,(anonymous_15)
FN:119,(anonymous_16)
FNF:7
FNH:7
FNDA:28,(anonymous_10)
FNDA:10,(anonymous_11)
FNDA:63,(anonymous_12)
FNDA:3,(anonymous_13)
FNDA:1,(anonymous_14)
FNDA:33,(anonymous_15)
FNDA:30,(anonymous_16)
DA:1,1
DA:2,1
DA:3,1
DA:4,1
DA:5,1
DA:6,1
DA:7,1
DA:8,1
DA:9,1
DA:10,1
DA:11,1
DA:12,1
DA:13,1
DA:14,1
DA:15,1
DA:17,1
DA:18,28
DA:19,28
DA:20,28
DA:21,28
DA:23,28
DA:25,10
DA:41,28
DA:50,28
DA:55,63
DA:56,44
DA:58,19
DA:59,1
DA:61,18
DA:62,18
DA:65,0
DA:68,28
DA:69,3
DA:70,3
DA:71,2
DA:72,2
DA:74,1
DA:75,1
DA:82,28
DA:83,1
DA:86,28
DA:98,33
DA:120,30
DA:152,1
LF:44
LH:43
BRDA:55,0,0,44
BRDA:55,0,1,19
BRDA:55,1,0,63
BRDA:55,1,1,63
BRDA:58,2,0,1
BRDA:58,2,1,18
BRDA:61,3,0,18
BRDA:61,3,1,0
BRDA:61,4,0,18
BRDA:61,4,1,18
BRDA:74,5,0,1
BRDA:74,5,1,0
BRDA:76,6,0,1
BRDA:76,6,1,0
BRDA:109,7,0,33
BRDA:109,7,1,31
BRDA:132,8,0,30
BRDA:132,8,1,29
BRDA:142,9,0,4
BRDA:142,9,1,24
BRF:20
BRH:17
end_of_record
TN:
SF:src/pages/SignUpPage/SignUpPage.tsx
FN:16,(anonymous_10)
FN:34,(anonymous_11)
FN:41,(anonymous_12)
FN:61,(anonymous_13)
FN:95,(anonymous_14)
FN:96,(anonymous_15)
FN:112,(anonymous_16)
FN:113,(anonymous_17)
FNF:8
FNH:8
FNDA:100,(anonymous_10)
FNDA:50,(anonymous_11)
FNDA:13,(anonymous_12)
FNDA:3,(anonymous_13)
FNDA:7,(anonymous_14)
FNDA:7,(anonymous_15)
FNDA:7,(anonymous_16)
FNDA:7,(anonymous_17)
DA:1,1
DA:2,1
DA:3,1
DA:4,1
DA:5,1
DA:6,1
DA:7,1
DA:8,1
DA:9,1
DA:10,1
DA:11,1
DA:12,1
DA:13,1
DA:14,1
DA:16,1
DA:21,100
DA:22,60
DA:24,40
DA:25,4
DA:27,36
DA:28,36
DA:31,0
DA:34,1
DA:35,50
DA:36,50
DA:37,50
DA:38,50
DA:40,50
DA:42,13
DA:53,50
DA:62,3
DA:63,3
DA:65,3
DA:71,1
DA:73,1
DA:74,1
DA:75,1
DA:77,2
DA:82,50
DA:95,7
DA:96,7
DA:112,7
DA:113,7
DA:149,1
LF:44
LH:43
BRDA:21,0,0,60
BRDA:21,0,1,40
BRDA:24,1,0,4
BRDA:24,1,1,36
BRDA:27,2,0,36
BRDA:27,2,1,0
BRDA:27,3,0,36
BRDA:27,3,1,36
BRDA:73,4,0,1
BRDA:73,4,1,0
BRDA:128,5,0,3
BRDA:128,5,1,47
BRDA:129,6,0,50
BRDA:129,6,1,47
BRDA:129,6,2,44
BRF:15
BRH:13
end_of_record
TN:
SF:src/redux/AuthSlice.ts
FN:13,(anonymous_0)
FN:36,(anonymous_1)
FN:51,(anonymous_2)
FN:68,(anonymous_3)
FN:82,(anonymous_4)
FN:135,(anonymous_5)
FN:143,(anonymous_6)
FN:145,(anonymous_7)
FN:150,(anonymous_8)
FN:158,(anonymous_9)
FN:161,(anonymous_10)
FN:166,(anonymous_11)
FN:171,(anonymous_12)
FN:181,(anonymous_13)
FN:188,(anonymous_14)
FNF:15
FNH:11
FNDA:33,(anonymous_0)
FNDA:0,(anonymous_1)
FNDA:0,(anonymous_2)
FNDA:0,(anonymous_3)
FNDA:0,(anonymous_4)
FNDA:3,(anonymous_5)
FNDA:14,(anonymous_6)
FNDA:2,(anonymous_7)
FNDA:2,(anonymous_8)
FNDA:1,(anonymous_9)
FNDA:2,(anonymous_10)
FNDA:1,(anonymous_11)
FNDA:3,(anonymous_12)
FNDA:3,(anonymous_13)
FNDA:3,(anonymous_14)
DA:1,33
DA:2,33
DA:13,33
DA:14,33
DA:15,33
DA:16,33
DA:18,0
DA:22,33
DA:34,33
DA:37,0
DA:38,0
DA:39,0
DA:41,0
DA:42,0
DA:47,33
DA:52,0
DA:53,0
DA:54,0
DA:59,0
DA:61,0
DA:62,0
DA:66,33
DA:69,0
DA:70,0
DA:71,0
DA:73,0
DA:78,33
DA:83,0
DA:84,0
DA:86,0
DA:87,0
DA:88,0
DA:89,0
DA:97,0
DA:98,0
DA:101,0
DA:102,0
DA:105,0
DA:119,0
DA:120,0
DA:123,0
DA:125,0
DA:131,33
DA:136,3
DA:137,3
DA:138,3
DA:139,3
DA:140,3
DA:144,14
DA:146,2
DA:147,2
DA:148,2
DA:151,2
DA:152,2
DA:153,2
DA:154,2
DA:155,2
DA:156,2
DA:159,1
DA:162,2
DA:163,2
DA:164,2
DA:167,1
DA:172,3
DA:173,3
DA:174,3
DA:175,3
DA:176,3
DA:182,3
DA:183,3
DA:189,3
DA:190,3
DA:196,33
DA:197,33
LF:74
LH:43
BRDA:16,0,0,0
BRDA:16,0,1,33
BRDA:42,1,0,0
BRDA:42,1,1,0
BRDA:62,2,0,0
BRDA:62,2,1,0
BRDA:86,3,0,0
BRDA:86,3,1,0
BRDA:97,4,0,0
BRDA:97,4,1,0
BRDA:115,5,0,0
BRDA:115,5,1,0
BRDA:119,6,0,0
BRDA:119,6,1,0
BRDA:126,7,0,0
BRDA:126,7,1,0
BRDA:152,8,0,2
BRDA:152,8,1,1
BRDA:190,9,0,3
BRDA:190,9,1,1
BRF:20
BRH:5
end_of_record
TN:
SF:src/redux/hooks.ts
FN:4,(anonymous_0)
FNF:1
FNH:1
FNDA:21,(anonymous_0)
DA:1,1
DA:4,21
DA:5,1
LF:3
LH:3
BRF:0
BRH:0
end_of_record
TN:
SF:src/tests/test-utils.tsx
FN:36,(anonymous_5)
FN:54,renderWithProviders
FN:76,(anonymous_7)
FN:77,(anonymous_8)
FN:100,Wrapper
FNF:5
FNH:3
FNDA:138,(anonymous_5)
FNDA:138,renderWithProviders
FNDA:0,(anonymous_7)
FNDA:0,(anonymous_8)
FNDA:138,Wrapper
DA:3,15
DA:4,15
DA:5,15
DA:6,15
DA:7,15
DA:8,15
DA:9,15
DA:10,15
DA:11,15
DA:12,15
DA:13,15
DA:14,15
DA:15,15
DA:28,15
DA:29,15
DA:36,15
DA:37,138
DA:69,138
DA:71,138
DA:76,0
DA:77,0
DA:81,138
DA:86,138
DA:93,138
DA:101,138
DA:120,138
DA:126,15
DA:127,15
LF:28
LH:26
BRDA:56,0,0,72
BRDA:57,1,0,138
BRDA:58,2,0,138
BRDA:62,3,0,76
BRDA:63,4,0,135
BRDA:64,5,0,130
BRDA:65,6,0,134
BRF:7
BRH:7
end_of_record
TN:
SF:src/utils/ProtectedRoute.tsx
FN:5,(anonymous_1)
FNF:1
FNH:1
FNDA:4,(anonymous_1)
DA:2,1
DA:3,1
DA:5,1
DA:6,4
DA:8,4
DA:9,2
DA:11,2
DA:14,1
LF:8
LH:8
BRDA:8,0,0,2
BRDA:8,0,1,2
BRF:2
BRH:2
end_of_record
TN:
SF:src/utils/dateUtils.ts
FN:1,(anonymous_0)
FNF:1
FNH:1
FNDA:54,(anonymous_0)
DA:1,4
DA:6,54
DA:7,54
DA:8,54
DA:10,54
DA:12,10
DA:13,10
DA:14,5
DA:17,5
DA:18,5
DA:19,2
DA:22,3
DA:23,3
DA:24,2
DA:27,1
DA:29,1
DA:36,4
LF:17
LH:17
BRDA:10,0,0,44
BRDA:10,0,1,10
BRDA:13,1,0,5
BRDA:13,1,1,5
BRDA:18,2,0,2
BRDA:18,2,1,3
BRDA:19,3,0,1
BRDA:19,3,1,1
BRDA:23,4,0,2
BRDA:23,4,1,1
BRDA:24,5,0,1
BRDA:24,5,1,1
BRDA:27,6,0,1
BRDA:27,6,1,0
BRDA:32,7,0,0
BRDA:32,7,1,1
BRF:16
BRH:14
end_of_record
